[2026-03-23T10:09:49.009+0000] {processor.py:161} INFO - Started process (PID=196) to work on /opt/airflow/dags/engagement_dag.py
[2026-03-23T10:09:49.019+0000] {processor.py:830} INFO - Processing file /opt/airflow/dags/engagement_dag.py for tasks to queue
[2026-03-23T10:09:49.026+0000] {logging_mixin.py:188} INFO - [2026-03-23T10:09:49.023+0000] {dagbag.py:538} INFO - Filling up the DagBag from /opt/airflow/dags/engagement_dag.py
[2026-03-23T10:09:49.175+0000] {processor.py:840} INFO - DAG(s) 'dataxplore_engagement' retrieved from /opt/airflow/dags/engagement_dag.py
[2026-03-23T10:09:49.662+0000] {logging_mixin.py:188} INFO - [2026-03-23T10:09:49.661+0000] {override.py:1769} INFO - Created Permission View: can read on DAG:dataxplore_engagement
[2026-03-23T10:09:49.683+0000] {logging_mixin.py:188} INFO - [2026-03-23T10:09:49.683+0000] {override.py:1769} INFO - Created Permission View: can edit on DAG:dataxplore_engagement
[2026-03-23T10:09:49.696+0000] {logging_mixin.py:188} INFO - [2026-03-23T10:09:49.695+0000] {override.py:1769} INFO - Created Permission View: can delete on DAG:dataxplore_engagement
[2026-03-23T10:09:49.697+0000] {logging_mixin.py:188} INFO - [2026-03-23T10:09:49.697+0000] {dag.py:3036} INFO - Sync 1 DAGs
[2026-03-23T10:09:49.730+0000] {logging_mixin.py:188} INFO - [2026-03-23T10:09:49.730+0000] {dag.py:3058} INFO - Creating ORM DAG for dataxplore_engagement
[2026-03-23T10:09:49.765+0000] {logging_mixin.py:188} INFO - [2026-03-23T10:09:49.764+0000] {dag.py:3823} INFO - Setting next_dagrun for dataxplore_engagement to 2026-03-21 12:00:00+00:00, run_after=2026-03-22 12:00:00+00:00
[2026-03-23T10:09:49.810+0000] {processor.py:183} INFO - Processing /opt/airflow/dags/engagement_dag.py took 0.843 seconds
[2026-03-23T10:10:20.522+0000] {processor.py:161} INFO - Started process (PID=211) to work on /opt/airflow/dags/engagement_dag.py
[2026-03-23T10:10:20.525+0000] {processor.py:830} INFO - Processing file /opt/airflow/dags/engagement_dag.py for tasks to queue
[2026-03-23T10:10:20.528+0000] {logging_mixin.py:188} INFO - [2026-03-23T10:10:20.527+0000] {dagbag.py:538} INFO - Filling up the DagBag from /opt/airflow/dags/engagement_dag.py
[2026-03-23T10:10:20.571+0000] {processor.py:840} INFO - DAG(s) 'dataxplore_engagement' retrieved from /opt/airflow/dags/engagement_dag.py
[2026-03-23T10:10:20.627+0000] {logging_mixin.py:188} INFO - [2026-03-23T10:10:20.627+0000] {dag.py:3036} INFO - Sync 1 DAGs
[2026-03-23T10:10:20.663+0000] {logging_mixin.py:188} INFO - [2026-03-23T10:10:20.663+0000] {dag.py:3823} INFO - Setting next_dagrun for dataxplore_engagement to 2026-03-21 12:00:00+00:00, run_after=2026-03-22 12:00:00+00:00
[2026-03-23T10:10:20.709+0000] {processor.py:183} INFO - Processing /opt/airflow/dags/engagement_dag.py took 0.193 seconds
[2026-03-23T10:10:51.206+0000] {processor.py:161} INFO - Started process (PID=226) to work on /opt/airflow/dags/engagement_dag.py
[2026-03-23T10:10:51.209+0000] {processor.py:830} INFO - Processing file /opt/airflow/dags/engagement_dag.py for tasks to queue
[2026-03-23T10:10:51.212+0000] {logging_mixin.py:188} INFO - [2026-03-23T10:10:51.210+0000] {dagbag.py:538} INFO - Filling up the DagBag from /opt/airflow/dags/engagement_dag.py
[2026-03-23T10:10:51.262+0000] {processor.py:840} INFO - DAG(s) 'dataxplore_engagement' retrieved from /opt/airflow/dags/engagement_dag.py
[2026-03-23T10:10:51.331+0000] {logging_mixin.py:188} INFO - [2026-03-23T10:10:51.330+0000] {dag.py:3036} INFO - Sync 1 DAGs
[2026-03-23T10:10:51.382+0000] {logging_mixin.py:188} INFO - [2026-03-23T10:10:51.382+0000] {dag.py:3823} INFO - Setting next_dagrun for dataxplore_engagement to 2026-03-21 12:00:00+00:00, run_after=2026-03-22 12:00:00+00:00
[2026-03-23T10:10:51.433+0000] {processor.py:183} INFO - Processing /opt/airflow/dags/engagement_dag.py took 0.233 seconds
[2026-03-23T10:11:21.848+0000] {processor.py:161} INFO - Started process (PID=241) to work on /opt/airflow/dags/engagement_dag.py
[2026-03-23T10:11:21.853+0000] {processor.py:830} INFO - Processing file /opt/airflow/dags/engagement_dag.py for tasks to queue
[2026-03-23T10:11:21.855+0000] {logging_mixin.py:188} INFO - [2026-03-23T10:11:21.855+0000] {dagbag.py:538} INFO - Filling up the DagBag from /opt/airflow/dags/engagement_dag.py
[2026-03-23T10:11:21.908+0000] {processor.py:840} INFO - DAG(s) 'dataxplore_engagement' retrieved from /opt/airflow/dags/engagement_dag.py
[2026-03-23T10:11:21.974+0000] {logging_mixin.py:188} INFO - [2026-03-23T10:11:21.973+0000] {dag.py:3036} INFO - Sync 1 DAGs
[2026-03-23T10:11:22.035+0000] {logging_mixin.py:188} INFO - [2026-03-23T10:11:22.034+0000] {dag.py:3823} INFO - Setting next_dagrun for dataxplore_engagement to 2026-03-21 12:00:00+00:00, run_after=2026-03-22 12:00:00+00:00
[2026-03-23T10:11:22.089+0000] {processor.py:183} INFO - Processing /opt/airflow/dags/engagement_dag.py took 0.250 seconds
[2026-03-23T10:11:52.586+0000] {processor.py:161} INFO - Started process (PID=256) to work on /opt/airflow/dags/engagement_dag.py
[2026-03-23T10:11:52.588+0000] {processor.py:830} INFO - Processing file /opt/airflow/dags/engagement_dag.py for tasks to queue
[2026-03-23T10:11:52.591+0000] {logging_mixin.py:188} INFO - [2026-03-23T10:11:52.590+0000] {dagbag.py:538} INFO - Filling up the DagBag from /opt/airflow/dags/engagement_dag.py
[2026-03-23T10:11:52.632+0000] {processor.py:840} INFO - DAG(s) 'dataxplore_engagement' retrieved from /opt/airflow/dags/engagement_dag.py
[2026-03-23T10:11:52.680+0000] {logging_mixin.py:188} INFO - [2026-03-23T10:11:52.680+0000] {dag.py:3036} INFO - Sync 1 DAGs
[2026-03-23T10:11:52.714+0000] {logging_mixin.py:188} INFO - [2026-03-23T10:11:52.714+0000] {dag.py:3823} INFO - Setting next_dagrun for dataxplore_engagement to 2026-03-21 12:00:00+00:00, run_after=2026-03-22 12:00:00+00:00
[2026-03-23T10:11:52.748+0000] {processor.py:183} INFO - Processing /opt/airflow/dags/engagement_dag.py took 0.168 seconds
[2026-03-23T10:12:23.305+0000] {processor.py:161} INFO - Started process (PID=271) to work on /opt/airflow/dags/engagement_dag.py
[2026-03-23T10:12:23.307+0000] {processor.py:830} INFO - Processing file /opt/airflow/dags/engagement_dag.py for tasks to queue
[2026-03-23T10:12:23.310+0000] {logging_mixin.py:188} INFO - [2026-03-23T10:12:23.309+0000] {dagbag.py:538} INFO - Filling up the DagBag from /opt/airflow/dags/engagement_dag.py
[2026-03-23T10:12:23.349+0000] {processor.py:840} INFO - DAG(s) 'dataxplore_engagement' retrieved from /opt/airflow/dags/engagement_dag.py
[2026-03-23T10:12:23.398+0000] {logging_mixin.py:188} INFO - [2026-03-23T10:12:23.397+0000] {dag.py:3036} INFO - Sync 1 DAGs
[2026-03-23T10:12:23.433+0000] {logging_mixin.py:188} INFO - [2026-03-23T10:12:23.432+0000] {dag.py:3823} INFO - Setting next_dagrun for dataxplore_engagement to 2026-03-21 12:00:00+00:00, run_after=2026-03-22 12:00:00+00:00
[2026-03-23T10:12:23.467+0000] {processor.py:183} INFO - Processing /opt/airflow/dags/engagement_dag.py took 0.168 seconds
[2026-03-23T10:12:53.937+0000] {processor.py:161} INFO - Started process (PID=286) to work on /opt/airflow/dags/engagement_dag.py
[2026-03-23T10:12:53.939+0000] {processor.py:830} INFO - Processing file /opt/airflow/dags/engagement_dag.py for tasks to queue
[2026-03-23T10:12:53.940+0000] {logging_mixin.py:188} INFO - [2026-03-23T10:12:53.940+0000] {dagbag.py:538} INFO - Filling up the DagBag from /opt/airflow/dags/engagement_dag.py
[2026-03-23T10:12:53.974+0000] {processor.py:840} INFO - DAG(s) 'dataxplore_engagement' retrieved from /opt/airflow/dags/engagement_dag.py
[2026-03-23T10:12:54.022+0000] {logging_mixin.py:188} INFO - [2026-03-23T10:12:54.022+0000] {dag.py:3036} INFO - Sync 1 DAGs
[2026-03-23T10:12:54.055+0000] {logging_mixin.py:188} INFO - [2026-03-23T10:12:54.055+0000] {dag.py:3823} INFO - Setting next_dagrun for dataxplore_engagement to 2026-03-21 12:00:00+00:00, run_after=2026-03-22 12:00:00+00:00
[2026-03-23T10:12:54.092+0000] {processor.py:183} INFO - Processing /opt/airflow/dags/engagement_dag.py took 0.160 seconds
[2026-03-23T10:13:24.572+0000] {processor.py:161} INFO - Started process (PID=301) to work on /opt/airflow/dags/engagement_dag.py
[2026-03-23T10:13:24.573+0000] {processor.py:830} INFO - Processing file /opt/airflow/dags/engagement_dag.py for tasks to queue
[2026-03-23T10:13:24.575+0000] {logging_mixin.py:188} INFO - [2026-03-23T10:13:24.575+0000] {dagbag.py:538} INFO - Filling up the DagBag from /opt/airflow/dags/engagement_dag.py
[2026-03-23T10:13:24.609+0000] {processor.py:840} INFO - DAG(s) 'dataxplore_engagement' retrieved from /opt/airflow/dags/engagement_dag.py
[2026-03-23T10:13:24.653+0000] {logging_mixin.py:188} INFO - [2026-03-23T10:13:24.653+0000] {dag.py:3036} INFO - Sync 1 DAGs
[2026-03-23T10:13:24.692+0000] {logging_mixin.py:188} INFO - [2026-03-23T10:13:24.691+0000] {dag.py:3823} INFO - Setting next_dagrun for dataxplore_engagement to 2026-03-21 12:00:00+00:00, run_after=2026-03-22 12:00:00+00:00
[2026-03-23T10:13:24.744+0000] {processor.py:183} INFO - Processing /opt/airflow/dags/engagement_dag.py took 0.177 seconds
[2026-03-23T10:13:55.256+0000] {processor.py:161} INFO - Started process (PID=316) to work on /opt/airflow/dags/engagement_dag.py
[2026-03-23T10:13:55.258+0000] {processor.py:830} INFO - Processing file /opt/airflow/dags/engagement_dag.py for tasks to queue
[2026-03-23T10:13:55.259+0000] {logging_mixin.py:188} INFO - [2026-03-23T10:13:55.259+0000] {dagbag.py:538} INFO - Filling up the DagBag from /opt/airflow/dags/engagement_dag.py
[2026-03-23T10:13:55.287+0000] {processor.py:840} INFO - DAG(s) 'dataxplore_engagement' retrieved from /opt/airflow/dags/engagement_dag.py
[2026-03-23T10:13:55.334+0000] {logging_mixin.py:188} INFO - [2026-03-23T10:13:55.333+0000] {dag.py:3036} INFO - Sync 1 DAGs
[2026-03-23T10:13:55.373+0000] {logging_mixin.py:188} INFO - [2026-03-23T10:13:55.373+0000] {dag.py:3823} INFO - Setting next_dagrun for dataxplore_engagement to 2026-03-21 12:00:00+00:00, run_after=2026-03-22 12:00:00+00:00
[2026-03-23T10:13:55.405+0000] {processor.py:183} INFO - Processing /opt/airflow/dags/engagement_dag.py took 0.153 seconds
[2026-03-23T10:14:25.965+0000] {processor.py:161} INFO - Started process (PID=331) to work on /opt/airflow/dags/engagement_dag.py
[2026-03-23T10:14:25.966+0000] {processor.py:830} INFO - Processing file /opt/airflow/dags/engagement_dag.py for tasks to queue
[2026-03-23T10:14:25.967+0000] {logging_mixin.py:188} INFO - [2026-03-23T10:14:25.967+0000] {dagbag.py:538} INFO - Filling up the DagBag from /opt/airflow/dags/engagement_dag.py
[2026-03-23T10:14:25.996+0000] {processor.py:840} INFO - DAG(s) 'dataxplore_engagement' retrieved from /opt/airflow/dags/engagement_dag.py
[2026-03-23T10:14:26.037+0000] {logging_mixin.py:188} INFO - [2026-03-23T10:14:26.037+0000] {dag.py:3036} INFO - Sync 1 DAGs
[2026-03-23T10:14:26.066+0000] {logging_mixin.py:188} INFO - [2026-03-23T10:14:26.066+0000] {dag.py:3823} INFO - Setting next_dagrun for dataxplore_engagement to 2026-03-21 12:00:00+00:00, run_after=2026-03-22 12:00:00+00:00
[2026-03-23T10:14:26.098+0000] {processor.py:183} INFO - Processing /opt/airflow/dags/engagement_dag.py took 0.137 seconds
[2026-03-23T10:14:56.712+0000] {processor.py:161} INFO - Started process (PID=346) to work on /opt/airflow/dags/engagement_dag.py
[2026-03-23T10:14:56.713+0000] {processor.py:830} INFO - Processing file /opt/airflow/dags/engagement_dag.py for tasks to queue
[2026-03-23T10:14:56.716+0000] {logging_mixin.py:188} INFO - [2026-03-23T10:14:56.715+0000] {dagbag.py:538} INFO - Filling up the DagBag from /opt/airflow/dags/engagement_dag.py
[2026-03-23T10:14:56.750+0000] {processor.py:840} INFO - DAG(s) 'dataxplore_engagement' retrieved from /opt/airflow/dags/engagement_dag.py
[2026-03-23T10:14:56.790+0000] {logging_mixin.py:188} INFO - [2026-03-23T10:14:56.790+0000] {dag.py:3036} INFO - Sync 1 DAGs
[2026-03-23T10:14:56.820+0000] {logging_mixin.py:188} INFO - [2026-03-23T10:14:56.820+0000] {dag.py:3823} INFO - Setting next_dagrun for dataxplore_engagement to 2026-03-21 12:00:00+00:00, run_after=2026-03-22 12:00:00+00:00
[2026-03-23T10:14:56.855+0000] {processor.py:183} INFO - Processing /opt/airflow/dags/engagement_dag.py took 0.147 seconds
[2026-03-23T10:15:27.317+0000] {processor.py:161} INFO - Started process (PID=361) to work on /opt/airflow/dags/engagement_dag.py
[2026-03-23T10:15:27.318+0000] {processor.py:830} INFO - Processing file /opt/airflow/dags/engagement_dag.py for tasks to queue
[2026-03-23T10:15:27.319+0000] {logging_mixin.py:188} INFO - [2026-03-23T10:15:27.319+0000] {dagbag.py:538} INFO - Filling up the DagBag from /opt/airflow/dags/engagement_dag.py
[2026-03-23T10:15:27.346+0000] {processor.py:840} INFO - DAG(s) 'dataxplore_engagement' retrieved from /opt/airflow/dags/engagement_dag.py
[2026-03-23T10:15:27.393+0000] {logging_mixin.py:188} INFO - [2026-03-23T10:15:27.392+0000] {dag.py:3036} INFO - Sync 1 DAGs
[2026-03-23T10:15:27.424+0000] {logging_mixin.py:188} INFO - [2026-03-23T10:15:27.424+0000] {dag.py:3823} INFO - Setting next_dagrun for dataxplore_engagement to 2026-03-21 12:00:00+00:00, run_after=2026-03-22 12:00:00+00:00
[2026-03-23T10:15:27.456+0000] {processor.py:183} INFO - Processing /opt/airflow/dags/engagement_dag.py took 0.143 seconds
[2026-03-23T10:15:57.985+0000] {processor.py:161} INFO - Started process (PID=376) to work on /opt/airflow/dags/engagement_dag.py
[2026-03-23T10:15:57.986+0000] {processor.py:830} INFO - Processing file /opt/airflow/dags/engagement_dag.py for tasks to queue
[2026-03-23T10:15:57.987+0000] {logging_mixin.py:188} INFO - [2026-03-23T10:15:57.986+0000] {dagbag.py:538} INFO - Filling up the DagBag from /opt/airflow/dags/engagement_dag.py
[2026-03-23T10:15:58.015+0000] {processor.py:840} INFO - DAG(s) 'dataxplore_engagement' retrieved from /opt/airflow/dags/engagement_dag.py
[2026-03-23T10:15:58.055+0000] {logging_mixin.py:188} INFO - [2026-03-23T10:15:58.055+0000] {dag.py:3036} INFO - Sync 1 DAGs
[2026-03-23T10:15:58.086+0000] {logging_mixin.py:188} INFO - [2026-03-23T10:15:58.086+0000] {dag.py:3823} INFO - Setting next_dagrun for dataxplore_engagement to 2026-03-21 12:00:00+00:00, run_after=2026-03-22 12:00:00+00:00
[2026-03-23T10:15:58.123+0000] {processor.py:183} INFO - Processing /opt/airflow/dags/engagement_dag.py took 0.143 seconds
[2026-03-23T10:16:28.579+0000] {processor.py:161} INFO - Started process (PID=391) to work on /opt/airflow/dags/engagement_dag.py
[2026-03-23T10:16:28.582+0000] {processor.py:830} INFO - Processing file /opt/airflow/dags/engagement_dag.py for tasks to queue
[2026-03-23T10:16:28.583+0000] {logging_mixin.py:188} INFO - [2026-03-23T10:16:28.583+0000] {dagbag.py:538} INFO - Filling up the DagBag from /opt/airflow/dags/engagement_dag.py
[2026-03-23T10:16:28.611+0000] {processor.py:840} INFO - DAG(s) 'dataxplore_engagement' retrieved from /opt/airflow/dags/engagement_dag.py
[2026-03-23T10:16:28.660+0000] {logging_mixin.py:188} INFO - [2026-03-23T10:16:28.660+0000] {dag.py:3036} INFO - Sync 1 DAGs
[2026-03-23T10:16:28.694+0000] {logging_mixin.py:188} INFO - [2026-03-23T10:16:28.693+0000] {dag.py:3823} INFO - Setting next_dagrun for dataxplore_engagement to 2026-03-21 12:00:00+00:00, run_after=2026-03-22 12:00:00+00:00
[2026-03-23T10:16:28.726+0000] {processor.py:183} INFO - Processing /opt/airflow/dags/engagement_dag.py took 0.152 seconds
[2026-03-23T10:16:59.239+0000] {processor.py:161} INFO - Started process (PID=406) to work on /opt/airflow/dags/engagement_dag.py
[2026-03-23T10:16:59.240+0000] {processor.py:830} INFO - Processing file /opt/airflow/dags/engagement_dag.py for tasks to queue
[2026-03-23T10:16:59.242+0000] {logging_mixin.py:188} INFO - [2026-03-23T10:16:59.241+0000] {dagbag.py:538} INFO - Filling up the DagBag from /opt/airflow/dags/engagement_dag.py
[2026-03-23T10:16:59.268+0000] {processor.py:840} INFO - DAG(s) 'dataxplore_engagement' retrieved from /opt/airflow/dags/engagement_dag.py
[2026-03-23T10:16:59.310+0000] {logging_mixin.py:188} INFO - [2026-03-23T10:16:59.310+0000] {dag.py:3036} INFO - Sync 1 DAGs
[2026-03-23T10:16:59.341+0000] {logging_mixin.py:188} INFO - [2026-03-23T10:16:59.341+0000] {dag.py:3823} INFO - Setting next_dagrun for dataxplore_engagement to 2026-03-21 12:00:00+00:00, run_after=2026-03-22 12:00:00+00:00
[2026-03-23T10:16:59.398+0000] {processor.py:183} INFO - Processing /opt/airflow/dags/engagement_dag.py took 0.164 seconds
[2026-03-23T10:17:29.894+0000] {processor.py:161} INFO - Started process (PID=421) to work on /opt/airflow/dags/engagement_dag.py
[2026-03-23T10:17:29.896+0000] {processor.py:830} INFO - Processing file /opt/airflow/dags/engagement_dag.py for tasks to queue
[2026-03-23T10:17:29.897+0000] {logging_mixin.py:188} INFO - [2026-03-23T10:17:29.897+0000] {dagbag.py:538} INFO - Filling up the DagBag from /opt/airflow/dags/engagement_dag.py
[2026-03-23T10:17:29.922+0000] {processor.py:840} INFO - DAG(s) 'dataxplore_engagement' retrieved from /opt/airflow/dags/engagement_dag.py
[2026-03-23T10:17:29.966+0000] {logging_mixin.py:188} INFO - [2026-03-23T10:17:29.966+0000] {dag.py:3036} INFO - Sync 1 DAGs
[2026-03-23T10:17:29.996+0000] {logging_mixin.py:188} INFO - [2026-03-23T10:17:29.996+0000] {dag.py:3823} INFO - Setting next_dagrun for dataxplore_engagement to 2026-03-21 12:00:00+00:00, run_after=2026-03-22 12:00:00+00:00
[2026-03-23T10:17:30.031+0000] {processor.py:183} INFO - Processing /opt/airflow/dags/engagement_dag.py took 0.142 seconds
[2026-03-23T10:18:00.493+0000] {processor.py:161} INFO - Started process (PID=436) to work on /opt/airflow/dags/engagement_dag.py
[2026-03-23T10:18:00.496+0000] {processor.py:830} INFO - Processing file /opt/airflow/dags/engagement_dag.py for tasks to queue
[2026-03-23T10:18:00.498+0000] {logging_mixin.py:188} INFO - [2026-03-23T10:18:00.498+0000] {dagbag.py:538} INFO - Filling up the DagBag from /opt/airflow/dags/engagement_dag.py
[2026-03-23T10:18:00.547+0000] {processor.py:840} INFO - DAG(s) 'dataxplore_engagement' retrieved from /opt/airflow/dags/engagement_dag.py
[2026-03-23T10:18:00.594+0000] {logging_mixin.py:188} INFO - [2026-03-23T10:18:00.594+0000] {dag.py:3036} INFO - Sync 1 DAGs
[2026-03-23T10:18:00.638+0000] {logging_mixin.py:188} INFO - [2026-03-23T10:18:00.637+0000] {dag.py:3823} INFO - Setting next_dagrun for dataxplore_engagement to 2026-03-21 12:00:00+00:00, run_after=2026-03-22 12:00:00+00:00
[2026-03-23T10:18:00.713+0000] {processor.py:183} INFO - Processing /opt/airflow/dags/engagement_dag.py took 0.225 seconds
[2026-03-23T10:18:31.402+0000] {processor.py:161} INFO - Started process (PID=451) to work on /opt/airflow/dags/engagement_dag.py
[2026-03-23T10:18:31.403+0000] {processor.py:830} INFO - Processing file /opt/airflow/dags/engagement_dag.py for tasks to queue
[2026-03-23T10:18:31.404+0000] {logging_mixin.py:188} INFO - [2026-03-23T10:18:31.404+0000] {dagbag.py:538} INFO - Filling up the DagBag from /opt/airflow/dags/engagement_dag.py
[2026-03-23T10:18:31.429+0000] {processor.py:840} INFO - DAG(s) 'dataxplore_engagement' retrieved from /opt/airflow/dags/engagement_dag.py
[2026-03-23T10:18:31.494+0000] {logging_mixin.py:188} INFO - [2026-03-23T10:18:31.494+0000] {dag.py:3036} INFO - Sync 1 DAGs
[2026-03-23T10:18:31.522+0000] {logging_mixin.py:188} INFO - [2026-03-23T10:18:31.522+0000] {dag.py:3823} INFO - Setting next_dagrun for dataxplore_engagement to 2026-03-21 12:00:00+00:00, run_after=2026-03-22 12:00:00+00:00
[2026-03-23T10:18:31.554+0000] {processor.py:183} INFO - Processing /opt/airflow/dags/engagement_dag.py took 0.157 seconds
[2026-03-23T10:19:02.183+0000] {processor.py:161} INFO - Started process (PID=466) to work on /opt/airflow/dags/engagement_dag.py
[2026-03-23T10:19:02.185+0000] {processor.py:830} INFO - Processing file /opt/airflow/dags/engagement_dag.py for tasks to queue
[2026-03-23T10:19:02.186+0000] {logging_mixin.py:188} INFO - [2026-03-23T10:19:02.186+0000] {dagbag.py:538} INFO - Filling up the DagBag from /opt/airflow/dags/engagement_dag.py
[2026-03-23T10:19:02.221+0000] {processor.py:840} INFO - DAG(s) 'dataxplore_engagement' retrieved from /opt/airflow/dags/engagement_dag.py
[2026-03-23T10:19:02.266+0000] {logging_mixin.py:188} INFO - [2026-03-23T10:19:02.266+0000] {dag.py:3036} INFO - Sync 1 DAGs
[2026-03-23T10:19:02.296+0000] {logging_mixin.py:188} INFO - [2026-03-23T10:19:02.296+0000] {dag.py:3823} INFO - Setting next_dagrun for dataxplore_engagement to 2026-03-21 12:00:00+00:00, run_after=2026-03-22 12:00:00+00:00
[2026-03-23T10:19:02.325+0000] {processor.py:183} INFO - Processing /opt/airflow/dags/engagement_dag.py took 0.147 seconds
[2026-03-23T10:19:32.948+0000] {processor.py:161} INFO - Started process (PID=481) to work on /opt/airflow/dags/engagement_dag.py
[2026-03-23T10:19:32.950+0000] {processor.py:830} INFO - Processing file /opt/airflow/dags/engagement_dag.py for tasks to queue
[2026-03-23T10:19:32.951+0000] {logging_mixin.py:188} INFO - [2026-03-23T10:19:32.951+0000] {dagbag.py:538} INFO - Filling up the DagBag from /opt/airflow/dags/engagement_dag.py
[2026-03-23T10:19:32.977+0000] {processor.py:840} INFO - DAG(s) 'dataxplore_engagement' retrieved from /opt/airflow/dags/engagement_dag.py
[2026-03-23T10:19:33.016+0000] {logging_mixin.py:188} INFO - [2026-03-23T10:19:33.016+0000] {dag.py:3036} INFO - Sync 1 DAGs
[2026-03-23T10:19:33.046+0000] {logging_mixin.py:188} INFO - [2026-03-23T10:19:33.045+0000] {dag.py:3823} INFO - Setting next_dagrun for dataxplore_engagement to 2026-03-21 12:00:00+00:00, run_after=2026-03-22 12:00:00+00:00
[2026-03-23T10:19:33.071+0000] {processor.py:183} INFO - Processing /opt/airflow/dags/engagement_dag.py took 0.127 seconds
[2026-03-23T10:20:03.689+0000] {processor.py:161} INFO - Started process (PID=496) to work on /opt/airflow/dags/engagement_dag.py
[2026-03-23T10:20:03.690+0000] {processor.py:830} INFO - Processing file /opt/airflow/dags/engagement_dag.py for tasks to queue
[2026-03-23T10:20:03.691+0000] {logging_mixin.py:188} INFO - [2026-03-23T10:20:03.691+0000] {dagbag.py:538} INFO - Filling up the DagBag from /opt/airflow/dags/engagement_dag.py
[2026-03-23T10:20:03.715+0000] {processor.py:840} INFO - DAG(s) 'dataxplore_engagement' retrieved from /opt/airflow/dags/engagement_dag.py
[2026-03-23T10:20:03.753+0000] {logging_mixin.py:188} INFO - [2026-03-23T10:20:03.753+0000] {dag.py:3036} INFO - Sync 1 DAGs
[2026-03-23T10:20:03.780+0000] {logging_mixin.py:188} INFO - [2026-03-23T10:20:03.780+0000] {dag.py:3823} INFO - Setting next_dagrun for dataxplore_engagement to 2026-03-21 12:00:00+00:00, run_after=2026-03-22 12:00:00+00:00
[2026-03-23T10:20:03.815+0000] {processor.py:183} INFO - Processing /opt/airflow/dags/engagement_dag.py took 0.131 seconds
[2026-03-23T10:20:34.366+0000] {processor.py:161} INFO - Started process (PID=511) to work on /opt/airflow/dags/engagement_dag.py
[2026-03-23T10:20:34.368+0000] {processor.py:830} INFO - Processing file /opt/airflow/dags/engagement_dag.py for tasks to queue
[2026-03-23T10:20:34.369+0000] {logging_mixin.py:188} INFO - [2026-03-23T10:20:34.369+0000] {dagbag.py:538} INFO - Filling up the DagBag from /opt/airflow/dags/engagement_dag.py
[2026-03-23T10:20:34.395+0000] {processor.py:840} INFO - DAG(s) 'dataxplore_engagement' retrieved from /opt/airflow/dags/engagement_dag.py
[2026-03-23T10:20:34.430+0000] {logging_mixin.py:188} INFO - [2026-03-23T10:20:34.430+0000] {dag.py:3036} INFO - Sync 1 DAGs
[2026-03-23T10:20:34.459+0000] {logging_mixin.py:188} INFO - [2026-03-23T10:20:34.458+0000] {dag.py:3823} INFO - Setting next_dagrun for dataxplore_engagement to 2026-03-21 12:00:00+00:00, run_after=2026-03-22 12:00:00+00:00
[2026-03-23T10:20:34.488+0000] {processor.py:183} INFO - Processing /opt/airflow/dags/engagement_dag.py took 0.125 seconds
[2026-03-23T10:21:05.095+0000] {processor.py:161} INFO - Started process (PID=526) to work on /opt/airflow/dags/engagement_dag.py
[2026-03-23T10:21:05.096+0000] {processor.py:830} INFO - Processing file /opt/airflow/dags/engagement_dag.py for tasks to queue
[2026-03-23T10:21:05.098+0000] {logging_mixin.py:188} INFO - [2026-03-23T10:21:05.097+0000] {dagbag.py:538} INFO - Filling up the DagBag from /opt/airflow/dags/engagement_dag.py
[2026-03-23T10:21:05.130+0000] {processor.py:840} INFO - DAG(s) 'dataxplore_engagement' retrieved from /opt/airflow/dags/engagement_dag.py
[2026-03-23T10:21:05.175+0000] {logging_mixin.py:188} INFO - [2026-03-23T10:21:05.175+0000] {dag.py:3036} INFO - Sync 1 DAGs
[2026-03-23T10:21:05.207+0000] {logging_mixin.py:188} INFO - [2026-03-23T10:21:05.207+0000] {dag.py:3823} INFO - Setting next_dagrun for dataxplore_engagement to 2026-03-21 12:00:00+00:00, run_after=2026-03-22 12:00:00+00:00
[2026-03-23T10:21:05.241+0000] {processor.py:183} INFO - Processing /opt/airflow/dags/engagement_dag.py took 0.150 seconds
[2026-03-23T10:21:35.742+0000] {processor.py:161} INFO - Started process (PID=541) to work on /opt/airflow/dags/engagement_dag.py
[2026-03-23T10:21:35.744+0000] {processor.py:830} INFO - Processing file /opt/airflow/dags/engagement_dag.py for tasks to queue
[2026-03-23T10:21:35.745+0000] {logging_mixin.py:188} INFO - [2026-03-23T10:21:35.745+0000] {dagbag.py:538} INFO - Filling up the DagBag from /opt/airflow/dags/engagement_dag.py
[2026-03-23T10:21:35.779+0000] {processor.py:840} INFO - DAG(s) 'dataxplore_engagement' retrieved from /opt/airflow/dags/engagement_dag.py
[2026-03-23T10:21:35.831+0000] {logging_mixin.py:188} INFO - [2026-03-23T10:21:35.831+0000] {dag.py:3036} INFO - Sync 1 DAGs
[2026-03-23T10:21:35.864+0000] {logging_mixin.py:188} INFO - [2026-03-23T10:21:35.863+0000] {dag.py:3823} INFO - Setting next_dagrun for dataxplore_engagement to 2026-03-21 12:00:00+00:00, run_after=2026-03-22 12:00:00+00:00
[2026-03-23T10:21:35.898+0000] {processor.py:183} INFO - Processing /opt/airflow/dags/engagement_dag.py took 0.161 seconds
[2026-03-23T10:22:06.391+0000] {processor.py:161} INFO - Started process (PID=556) to work on /opt/airflow/dags/engagement_dag.py
[2026-03-23T10:22:06.393+0000] {processor.py:830} INFO - Processing file /opt/airflow/dags/engagement_dag.py for tasks to queue
[2026-03-23T10:22:06.394+0000] {logging_mixin.py:188} INFO - [2026-03-23T10:22:06.394+0000] {dagbag.py:538} INFO - Filling up the DagBag from /opt/airflow/dags/engagement_dag.py
[2026-03-23T10:22:06.424+0000] {processor.py:840} INFO - DAG(s) 'dataxplore_engagement' retrieved from /opt/airflow/dags/engagement_dag.py
[2026-03-23T10:22:06.466+0000] {logging_mixin.py:188} INFO - [2026-03-23T10:22:06.466+0000] {dag.py:3036} INFO - Sync 1 DAGs
[2026-03-23T10:22:06.495+0000] {logging_mixin.py:188} INFO - [2026-03-23T10:22:06.494+0000] {dag.py:3823} INFO - Setting next_dagrun for dataxplore_engagement to 2026-03-21 12:00:00+00:00, run_after=2026-03-22 12:00:00+00:00
[2026-03-23T10:22:06.529+0000] {processor.py:183} INFO - Processing /opt/airflow/dags/engagement_dag.py took 0.143 seconds
[2026-03-23T10:22:37.129+0000] {processor.py:161} INFO - Started process (PID=571) to work on /opt/airflow/dags/engagement_dag.py
[2026-03-23T10:22:37.131+0000] {processor.py:830} INFO - Processing file /opt/airflow/dags/engagement_dag.py for tasks to queue
[2026-03-23T10:22:37.133+0000] {logging_mixin.py:188} INFO - [2026-03-23T10:22:37.132+0000] {dagbag.py:538} INFO - Filling up the DagBag from /opt/airflow/dags/engagement_dag.py
[2026-03-23T10:22:37.161+0000] {processor.py:840} INFO - DAG(s) 'dataxplore_engagement' retrieved from /opt/airflow/dags/engagement_dag.py
[2026-03-23T10:22:37.202+0000] {logging_mixin.py:188} INFO - [2026-03-23T10:22:37.201+0000] {dag.py:3036} INFO - Sync 1 DAGs
[2026-03-23T10:22:37.231+0000] {logging_mixin.py:188} INFO - [2026-03-23T10:22:37.230+0000] {dag.py:3823} INFO - Setting next_dagrun for dataxplore_engagement to 2026-03-21 12:00:00+00:00, run_after=2026-03-22 12:00:00+00:00
[2026-03-23T10:22:37.265+0000] {processor.py:183} INFO - Processing /opt/airflow/dags/engagement_dag.py took 0.140 seconds
[2026-03-23T10:23:07.866+0000] {processor.py:161} INFO - Started process (PID=586) to work on /opt/airflow/dags/engagement_dag.py
[2026-03-23T10:23:07.867+0000] {processor.py:830} INFO - Processing file /opt/airflow/dags/engagement_dag.py for tasks to queue
[2026-03-23T10:23:07.868+0000] {logging_mixin.py:188} INFO - [2026-03-23T10:23:07.868+0000] {dagbag.py:538} INFO - Filling up the DagBag from /opt/airflow/dags/engagement_dag.py
[2026-03-23T10:23:07.896+0000] {processor.py:840} INFO - DAG(s) 'dataxplore_engagement' retrieved from /opt/airflow/dags/engagement_dag.py
[2026-03-23T10:23:07.934+0000] {logging_mixin.py:188} INFO - [2026-03-23T10:23:07.934+0000] {dag.py:3036} INFO - Sync 1 DAGs
[2026-03-23T10:23:07.960+0000] {logging_mixin.py:188} INFO - [2026-03-23T10:23:07.960+0000] {dag.py:3823} INFO - Setting next_dagrun for dataxplore_engagement to 2026-03-21 12:00:00+00:00, run_after=2026-03-22 12:00:00+00:00
[2026-03-23T10:23:07.991+0000] {processor.py:183} INFO - Processing /opt/airflow/dags/engagement_dag.py took 0.129 seconds
[2026-03-23T10:23:38.511+0000] {processor.py:161} INFO - Started process (PID=601) to work on /opt/airflow/dags/engagement_dag.py
[2026-03-23T10:23:38.512+0000] {processor.py:830} INFO - Processing file /opt/airflow/dags/engagement_dag.py for tasks to queue
[2026-03-23T10:23:38.514+0000] {logging_mixin.py:188} INFO - [2026-03-23T10:23:38.513+0000] {dagbag.py:538} INFO - Filling up the DagBag from /opt/airflow/dags/engagement_dag.py
[2026-03-23T10:23:38.540+0000] {processor.py:840} INFO - DAG(s) 'dataxplore_engagement' retrieved from /opt/airflow/dags/engagement_dag.py
[2026-03-23T10:23:38.578+0000] {logging_mixin.py:188} INFO - [2026-03-23T10:23:38.578+0000] {dag.py:3036} INFO - Sync 1 DAGs
[2026-03-23T10:23:38.606+0000] {logging_mixin.py:188} INFO - [2026-03-23T10:23:38.606+0000] {dag.py:3823} INFO - Setting next_dagrun for dataxplore_engagement to 2026-03-21 12:00:00+00:00, run_after=2026-03-22 12:00:00+00:00
[2026-03-23T10:23:38.640+0000] {processor.py:183} INFO - Processing /opt/airflow/dags/engagement_dag.py took 0.134 seconds
[2026-03-23T10:24:09.147+0000] {processor.py:161} INFO - Started process (PID=616) to work on /opt/airflow/dags/engagement_dag.py
[2026-03-23T10:24:09.149+0000] {processor.py:830} INFO - Processing file /opt/airflow/dags/engagement_dag.py for tasks to queue
[2026-03-23T10:24:09.150+0000] {logging_mixin.py:188} INFO - [2026-03-23T10:24:09.150+0000] {dagbag.py:538} INFO - Filling up the DagBag from /opt/airflow/dags/engagement_dag.py
[2026-03-23T10:24:09.181+0000] {processor.py:840} INFO - DAG(s) 'dataxplore_engagement' retrieved from /opt/airflow/dags/engagement_dag.py
[2026-03-23T10:24:09.226+0000] {logging_mixin.py:188} INFO - [2026-03-23T10:24:09.226+0000] {dag.py:3036} INFO - Sync 1 DAGs
[2026-03-23T10:24:09.257+0000] {logging_mixin.py:188} INFO - [2026-03-23T10:24:09.257+0000] {dag.py:3823} INFO - Setting next_dagrun for dataxplore_engagement to 2026-03-21 12:00:00+00:00, run_after=2026-03-22 12:00:00+00:00
[2026-03-23T10:24:09.295+0000] {processor.py:183} INFO - Processing /opt/airflow/dags/engagement_dag.py took 0.152 seconds
[2026-03-23T10:24:39.830+0000] {processor.py:161} INFO - Started process (PID=631) to work on /opt/airflow/dags/engagement_dag.py
[2026-03-23T10:24:39.832+0000] {processor.py:830} INFO - Processing file /opt/airflow/dags/engagement_dag.py for tasks to queue
[2026-03-23T10:24:39.833+0000] {logging_mixin.py:188} INFO - [2026-03-23T10:24:39.832+0000] {dagbag.py:538} INFO - Filling up the DagBag from /opt/airflow/dags/engagement_dag.py
[2026-03-23T10:24:39.861+0000] {processor.py:840} INFO - DAG(s) 'dataxplore_engagement' retrieved from /opt/airflow/dags/engagement_dag.py
[2026-03-23T10:24:39.905+0000] {logging_mixin.py:188} INFO - [2026-03-23T10:24:39.905+0000] {dag.py:3036} INFO - Sync 1 DAGs
[2026-03-23T10:24:39.942+0000] {logging_mixin.py:188} INFO - [2026-03-23T10:24:39.942+0000] {dag.py:3823} INFO - Setting next_dagrun for dataxplore_engagement to 2026-03-21 12:00:00+00:00, run_after=2026-03-22 12:00:00+00:00
[2026-03-23T10:24:39.986+0000] {processor.py:183} INFO - Processing /opt/airflow/dags/engagement_dag.py took 0.161 seconds
[2026-03-23T10:25:10.498+0000] {processor.py:161} INFO - Started process (PID=646) to work on /opt/airflow/dags/engagement_dag.py
[2026-03-23T10:25:10.499+0000] {processor.py:830} INFO - Processing file /opt/airflow/dags/engagement_dag.py for tasks to queue
[2026-03-23T10:25:10.501+0000] {logging_mixin.py:188} INFO - [2026-03-23T10:25:10.500+0000] {dagbag.py:538} INFO - Filling up the DagBag from /opt/airflow/dags/engagement_dag.py
[2026-03-23T10:25:10.528+0000] {processor.py:840} INFO - DAG(s) 'dataxplore_engagement' retrieved from /opt/airflow/dags/engagement_dag.py
[2026-03-23T10:25:10.567+0000] {logging_mixin.py:188} INFO - [2026-03-23T10:25:10.567+0000] {dag.py:3036} INFO - Sync 1 DAGs
[2026-03-23T10:25:10.600+0000] {logging_mixin.py:188} INFO - [2026-03-23T10:25:10.599+0000] {dag.py:3823} INFO - Setting next_dagrun for dataxplore_engagement to 2026-03-21 12:00:00+00:00, run_after=2026-03-22 12:00:00+00:00
[2026-03-23T10:25:10.633+0000] {processor.py:183} INFO - Processing /opt/airflow/dags/engagement_dag.py took 0.140 seconds
[2026-03-23T10:25:41.128+0000] {processor.py:161} INFO - Started process (PID=661) to work on /opt/airflow/dags/engagement_dag.py
[2026-03-23T10:25:41.130+0000] {processor.py:830} INFO - Processing file /opt/airflow/dags/engagement_dag.py for tasks to queue
[2026-03-23T10:25:41.131+0000] {logging_mixin.py:188} INFO - [2026-03-23T10:25:41.131+0000] {dagbag.py:538} INFO - Filling up the DagBag from /opt/airflow/dags/engagement_dag.py
[2026-03-23T10:25:41.158+0000] {processor.py:840} INFO - DAG(s) 'dataxplore_engagement' retrieved from /opt/airflow/dags/engagement_dag.py
[2026-03-23T10:25:41.202+0000] {logging_mixin.py:188} INFO - [2026-03-23T10:25:41.202+0000] {dag.py:3036} INFO - Sync 1 DAGs
[2026-03-23T10:25:41.236+0000] {logging_mixin.py:188} INFO - [2026-03-23T10:25:41.236+0000] {dag.py:3823} INFO - Setting next_dagrun for dataxplore_engagement to 2026-03-21 12:00:00+00:00, run_after=2026-03-22 12:00:00+00:00
[2026-03-23T10:25:41.273+0000] {processor.py:183} INFO - Processing /opt/airflow/dags/engagement_dag.py took 0.150 seconds
[2026-03-23T10:26:11.764+0000] {processor.py:161} INFO - Started process (PID=676) to work on /opt/airflow/dags/engagement_dag.py
[2026-03-23T10:26:11.765+0000] {processor.py:830} INFO - Processing file /opt/airflow/dags/engagement_dag.py for tasks to queue
[2026-03-23T10:26:11.766+0000] {logging_mixin.py:188} INFO - [2026-03-23T10:26:11.766+0000] {dagbag.py:538} INFO - Filling up the DagBag from /opt/airflow/dags/engagement_dag.py
[2026-03-23T10:26:11.793+0000] {processor.py:840} INFO - DAG(s) 'dataxplore_engagement' retrieved from /opt/airflow/dags/engagement_dag.py
[2026-03-23T10:26:11.831+0000] {logging_mixin.py:188} INFO - [2026-03-23T10:26:11.830+0000] {dag.py:3036} INFO - Sync 1 DAGs
[2026-03-23T10:26:11.862+0000] {logging_mixin.py:188} INFO - [2026-03-23T10:26:11.861+0000] {dag.py:3823} INFO - Setting next_dagrun for dataxplore_engagement to 2026-03-21 12:00:00+00:00, run_after=2026-03-22 12:00:00+00:00
[2026-03-23T10:26:11.891+0000] {processor.py:183} INFO - Processing /opt/airflow/dags/engagement_dag.py took 0.131 seconds
[2026-03-23T10:26:42.444+0000] {processor.py:161} INFO - Started process (PID=691) to work on /opt/airflow/dags/engagement_dag.py
[2026-03-23T10:26:42.445+0000] {processor.py:830} INFO - Processing file /opt/airflow/dags/engagement_dag.py for tasks to queue
[2026-03-23T10:26:42.447+0000] {logging_mixin.py:188} INFO - [2026-03-23T10:26:42.446+0000] {dagbag.py:538} INFO - Filling up the DagBag from /opt/airflow/dags/engagement_dag.py
[2026-03-23T10:26:42.471+0000] {processor.py:840} INFO - DAG(s) 'dataxplore_engagement' retrieved from /opt/airflow/dags/engagement_dag.py
[2026-03-23T10:26:42.526+0000] {logging_mixin.py:188} INFO - [2026-03-23T10:26:42.525+0000] {dag.py:3036} INFO - Sync 1 DAGs
[2026-03-23T10:26:42.569+0000] {logging_mixin.py:188} INFO - [2026-03-23T10:26:42.568+0000] {dag.py:3823} INFO - Setting next_dagrun for dataxplore_engagement to 2026-03-21 12:00:00+00:00, run_after=2026-03-22 12:00:00+00:00
[2026-03-23T10:26:42.607+0000] {processor.py:183} INFO - Processing /opt/airflow/dags/engagement_dag.py took 0.167 seconds
[2026-03-23T10:27:13.144+0000] {processor.py:161} INFO - Started process (PID=706) to work on /opt/airflow/dags/engagement_dag.py
[2026-03-23T10:27:13.146+0000] {processor.py:830} INFO - Processing file /opt/airflow/dags/engagement_dag.py for tasks to queue
[2026-03-23T10:27:13.147+0000] {logging_mixin.py:188} INFO - [2026-03-23T10:27:13.147+0000] {dagbag.py:538} INFO - Filling up the DagBag from /opt/airflow/dags/engagement_dag.py
[2026-03-23T10:27:13.171+0000] {processor.py:840} INFO - DAG(s) 'dataxplore_engagement' retrieved from /opt/airflow/dags/engagement_dag.py
[2026-03-23T10:27:13.211+0000] {logging_mixin.py:188} INFO - [2026-03-23T10:27:13.211+0000] {dag.py:3036} INFO - Sync 1 DAGs
[2026-03-23T10:27:13.243+0000] {logging_mixin.py:188} INFO - [2026-03-23T10:27:13.242+0000] {dag.py:3823} INFO - Setting next_dagrun for dataxplore_engagement to 2026-03-21 12:00:00+00:00, run_after=2026-03-22 12:00:00+00:00
[2026-03-23T10:27:13.280+0000] {processor.py:183} INFO - Processing /opt/airflow/dags/engagement_dag.py took 0.139 seconds
[2026-03-23T10:27:43.883+0000] {processor.py:161} INFO - Started process (PID=721) to work on /opt/airflow/dags/engagement_dag.py
[2026-03-23T10:27:43.884+0000] {processor.py:830} INFO - Processing file /opt/airflow/dags/engagement_dag.py for tasks to queue
[2026-03-23T10:27:43.886+0000] {logging_mixin.py:188} INFO - [2026-03-23T10:27:43.885+0000] {dagbag.py:538} INFO - Filling up the DagBag from /opt/airflow/dags/engagement_dag.py
[2026-03-23T10:27:43.908+0000] {processor.py:840} INFO - DAG(s) 'dataxplore_engagement' retrieved from /opt/airflow/dags/engagement_dag.py
[2026-03-23T10:27:43.945+0000] {logging_mixin.py:188} INFO - [2026-03-23T10:27:43.945+0000] {dag.py:3036} INFO - Sync 1 DAGs
[2026-03-23T10:27:43.974+0000] {logging_mixin.py:188} INFO - [2026-03-23T10:27:43.974+0000] {dag.py:3823} INFO - Setting next_dagrun for dataxplore_engagement to 2026-03-21 12:00:00+00:00, run_after=2026-03-22 12:00:00+00:00
[2026-03-23T10:27:44.007+0000] {processor.py:183} INFO - Processing /opt/airflow/dags/engagement_dag.py took 0.127 seconds
[2026-03-23T10:28:14.550+0000] {processor.py:161} INFO - Started process (PID=736) to work on /opt/airflow/dags/engagement_dag.py
[2026-03-23T10:28:14.551+0000] {processor.py:830} INFO - Processing file /opt/airflow/dags/engagement_dag.py for tasks to queue
[2026-03-23T10:28:14.553+0000] {logging_mixin.py:188} INFO - [2026-03-23T10:28:14.552+0000] {dagbag.py:538} INFO - Filling up the DagBag from /opt/airflow/dags/engagement_dag.py
[2026-03-23T10:28:14.575+0000] {processor.py:840} INFO - DAG(s) 'dataxplore_engagement' retrieved from /opt/airflow/dags/engagement_dag.py
[2026-03-23T10:28:14.608+0000] {logging_mixin.py:188} INFO - [2026-03-23T10:28:14.608+0000] {dag.py:3036} INFO - Sync 1 DAGs
[2026-03-23T10:28:14.638+0000] {logging_mixin.py:188} INFO - [2026-03-23T10:28:14.638+0000] {dag.py:3823} INFO - Setting next_dagrun for dataxplore_engagement to 2026-03-21 12:00:00+00:00, run_after=2026-03-22 12:00:00+00:00
[2026-03-23T10:28:14.668+0000] {processor.py:183} INFO - Processing /opt/airflow/dags/engagement_dag.py took 0.121 seconds
[2026-03-23T10:28:45.281+0000] {processor.py:161} INFO - Started process (PID=751) to work on /opt/airflow/dags/engagement_dag.py
[2026-03-23T10:28:45.283+0000] {processor.py:830} INFO - Processing file /opt/airflow/dags/engagement_dag.py for tasks to queue
[2026-03-23T10:28:45.284+0000] {logging_mixin.py:188} INFO - [2026-03-23T10:28:45.284+0000] {dagbag.py:538} INFO - Filling up the DagBag from /opt/airflow/dags/engagement_dag.py
[2026-03-23T10:28:45.308+0000] {processor.py:840} INFO - DAG(s) 'dataxplore_engagement' retrieved from /opt/airflow/dags/engagement_dag.py
[2026-03-23T10:28:45.344+0000] {logging_mixin.py:188} INFO - [2026-03-23T10:28:45.344+0000] {dag.py:3036} INFO - Sync 1 DAGs
[2026-03-23T10:28:45.373+0000] {logging_mixin.py:188} INFO - [2026-03-23T10:28:45.372+0000] {dag.py:3823} INFO - Setting next_dagrun for dataxplore_engagement to 2026-03-21 12:00:00+00:00, run_after=2026-03-22 12:00:00+00:00
[2026-03-23T10:28:45.408+0000] {processor.py:183} INFO - Processing /opt/airflow/dags/engagement_dag.py took 0.131 seconds
[2026-03-23T10:29:15.998+0000] {processor.py:161} INFO - Started process (PID=766) to work on /opt/airflow/dags/engagement_dag.py
[2026-03-23T10:29:15.999+0000] {processor.py:830} INFO - Processing file /opt/airflow/dags/engagement_dag.py for tasks to queue
[2026-03-23T10:29:16.000+0000] {logging_mixin.py:188} INFO - [2026-03-23T10:29:16.000+0000] {dagbag.py:538} INFO - Filling up the DagBag from /opt/airflow/dags/engagement_dag.py
[2026-03-23T10:29:16.023+0000] {processor.py:840} INFO - DAG(s) 'dataxplore_engagement' retrieved from /opt/airflow/dags/engagement_dag.py
[2026-03-23T10:29:16.059+0000] {logging_mixin.py:188} INFO - [2026-03-23T10:29:16.059+0000] {dag.py:3036} INFO - Sync 1 DAGs
[2026-03-23T10:29:16.089+0000] {logging_mixin.py:188} INFO - [2026-03-23T10:29:16.088+0000] {dag.py:3823} INFO - Setting next_dagrun for dataxplore_engagement to 2026-03-21 12:00:00+00:00, run_after=2026-03-22 12:00:00+00:00
[2026-03-23T10:29:16.115+0000] {processor.py:183} INFO - Processing /opt/airflow/dags/engagement_dag.py took 0.120 seconds
[2026-03-23T10:29:46.635+0000] {processor.py:161} INFO - Started process (PID=781) to work on /opt/airflow/dags/engagement_dag.py
[2026-03-23T10:29:46.636+0000] {processor.py:830} INFO - Processing file /opt/airflow/dags/engagement_dag.py for tasks to queue
[2026-03-23T10:29:46.637+0000] {logging_mixin.py:188} INFO - [2026-03-23T10:29:46.637+0000] {dagbag.py:538} INFO - Filling up the DagBag from /opt/airflow/dags/engagement_dag.py
[2026-03-23T10:29:46.665+0000] {processor.py:840} INFO - DAG(s) 'dataxplore_engagement' retrieved from /opt/airflow/dags/engagement_dag.py
[2026-03-23T10:29:46.710+0000] {logging_mixin.py:188} INFO - [2026-03-23T10:29:46.709+0000] {dag.py:3036} INFO - Sync 1 DAGs
[2026-03-23T10:29:46.740+0000] {logging_mixin.py:188} INFO - [2026-03-23T10:29:46.739+0000] {dag.py:3823} INFO - Setting next_dagrun for dataxplore_engagement to 2026-03-21 12:00:00+00:00, run_after=2026-03-22 12:00:00+00:00
[2026-03-23T10:29:46.773+0000] {processor.py:183} INFO - Processing /opt/airflow/dags/engagement_dag.py took 0.142 seconds
[2026-03-23T10:30:17.295+0000] {processor.py:161} INFO - Started process (PID=796) to work on /opt/airflow/dags/engagement_dag.py
[2026-03-23T10:30:17.296+0000] {processor.py:830} INFO - Processing file /opt/airflow/dags/engagement_dag.py for tasks to queue
[2026-03-23T10:30:17.298+0000] {logging_mixin.py:188} INFO - [2026-03-23T10:30:17.297+0000] {dagbag.py:538} INFO - Filling up the DagBag from /opt/airflow/dags/engagement_dag.py
[2026-03-23T10:30:17.326+0000] {processor.py:840} INFO - DAG(s) 'dataxplore_engagement' retrieved from /opt/airflow/dags/engagement_dag.py
[2026-03-23T10:30:17.370+0000] {logging_mixin.py:188} INFO - [2026-03-23T10:30:17.369+0000] {dag.py:3036} INFO - Sync 1 DAGs
[2026-03-23T10:30:17.400+0000] {logging_mixin.py:188} INFO - [2026-03-23T10:30:17.399+0000] {dag.py:3823} INFO - Setting next_dagrun for dataxplore_engagement to 2026-03-21 12:00:00+00:00, run_after=2026-03-22 12:00:00+00:00
[2026-03-23T10:30:17.429+0000] {processor.py:183} INFO - Processing /opt/airflow/dags/engagement_dag.py took 0.140 seconds
[2026-03-23T10:30:47.985+0000] {processor.py:161} INFO - Started process (PID=811) to work on /opt/airflow/dags/engagement_dag.py
[2026-03-23T10:30:47.987+0000] {processor.py:830} INFO - Processing file /opt/airflow/dags/engagement_dag.py for tasks to queue
[2026-03-23T10:30:47.988+0000] {logging_mixin.py:188} INFO - [2026-03-23T10:30:47.987+0000] {dagbag.py:538} INFO - Filling up the DagBag from /opt/airflow/dags/engagement_dag.py
[2026-03-23T10:30:48.019+0000] {processor.py:840} INFO - DAG(s) 'dataxplore_engagement' retrieved from /opt/airflow/dags/engagement_dag.py
[2026-03-23T10:30:48.059+0000] {logging_mixin.py:188} INFO - [2026-03-23T10:30:48.059+0000] {dag.py:3036} INFO - Sync 1 DAGs
[2026-03-23T10:30:48.091+0000] {logging_mixin.py:188} INFO - [2026-03-23T10:30:48.091+0000] {dag.py:3823} INFO - Setting next_dagrun for dataxplore_engagement to 2026-03-21 12:00:00+00:00, run_after=2026-03-22 12:00:00+00:00
[2026-03-23T10:30:48.126+0000] {processor.py:183} INFO - Processing /opt/airflow/dags/engagement_dag.py took 0.147 seconds
[2026-03-23T10:31:18.684+0000] {processor.py:161} INFO - Started process (PID=826) to work on /opt/airflow/dags/engagement_dag.py
[2026-03-23T10:31:18.686+0000] {processor.py:830} INFO - Processing file /opt/airflow/dags/engagement_dag.py for tasks to queue
[2026-03-23T10:31:18.687+0000] {logging_mixin.py:188} INFO - [2026-03-23T10:31:18.687+0000] {dagbag.py:538} INFO - Filling up the DagBag from /opt/airflow/dags/engagement_dag.py
[2026-03-23T10:31:18.713+0000] {processor.py:840} INFO - DAG(s) 'dataxplore_engagement' retrieved from /opt/airflow/dags/engagement_dag.py
[2026-03-23T10:31:18.753+0000] {logging_mixin.py:188} INFO - [2026-03-23T10:31:18.753+0000] {dag.py:3036} INFO - Sync 1 DAGs
[2026-03-23T10:31:18.782+0000] {logging_mixin.py:188} INFO - [2026-03-23T10:31:18.782+0000] {dag.py:3823} INFO - Setting next_dagrun for dataxplore_engagement to 2026-03-21 12:00:00+00:00, run_after=2026-03-22 12:00:00+00:00
[2026-03-23T10:31:18.813+0000] {processor.py:183} INFO - Processing /opt/airflow/dags/engagement_dag.py took 0.133 seconds
[2026-03-23T10:31:49.306+0000] {processor.py:161} INFO - Started process (PID=841) to work on /opt/airflow/dags/engagement_dag.py
[2026-03-23T10:31:49.309+0000] {processor.py:830} INFO - Processing file /opt/airflow/dags/engagement_dag.py for tasks to queue
[2026-03-23T10:31:49.310+0000] {logging_mixin.py:188} INFO - [2026-03-23T10:31:49.310+0000] {dagbag.py:538} INFO - Filling up the DagBag from /opt/airflow/dags/engagement_dag.py
[2026-03-23T10:31:49.342+0000] {processor.py:840} INFO - DAG(s) 'dataxplore_engagement' retrieved from /opt/airflow/dags/engagement_dag.py
[2026-03-23T10:31:49.385+0000] {logging_mixin.py:188} INFO - [2026-03-23T10:31:49.384+0000] {dag.py:3036} INFO - Sync 1 DAGs
[2026-03-23T10:31:49.418+0000] {logging_mixin.py:188} INFO - [2026-03-23T10:31:49.418+0000] {dag.py:3823} INFO - Setting next_dagrun for dataxplore_engagement to 2026-03-21 12:00:00+00:00, run_after=2026-03-22 12:00:00+00:00
[2026-03-23T10:31:49.455+0000] {processor.py:183} INFO - Processing /opt/airflow/dags/engagement_dag.py took 0.154 seconds
