[2026-03-23T10:09:49.009+0000] {processor.py:161} INFO - Started process (PID=198) to work on /opt/airflow/dags/scoring_dag.py
[2026-03-23T10:09:49.019+0000] {processor.py:830} INFO - Processing file /opt/airflow/dags/scoring_dag.py for tasks to queue
[2026-03-23T10:09:49.025+0000] {logging_mixin.py:188} INFO - [2026-03-23T10:09:49.024+0000] {dagbag.py:538} INFO - Filling up the DagBag from /opt/airflow/dags/scoring_dag.py
[2026-03-23T10:09:49.175+0000] {processor.py:840} INFO - DAG(s) 'dataxplore_scoring' retrieved from /opt/airflow/dags/scoring_dag.py
[2026-03-23T10:09:49.668+0000] {logging_mixin.py:188} INFO - [2026-03-23T10:09:49.667+0000] {override.py:1769} INFO - Created Permission View: can read on DAG:dataxplore_scoring
[2026-03-23T10:09:49.692+0000] {logging_mixin.py:188} INFO - [2026-03-23T10:09:49.692+0000] {override.py:1769} INFO - Created Permission View: can edit on DAG:dataxplore_scoring
[2026-03-23T10:09:49.703+0000] {logging_mixin.py:188} INFO - [2026-03-23T10:09:49.703+0000] {override.py:1769} INFO - Created Permission View: can delete on DAG:dataxplore_scoring
[2026-03-23T10:09:49.704+0000] {logging_mixin.py:188} INFO - [2026-03-23T10:09:49.704+0000] {dag.py:3036} INFO - Sync 1 DAGs
[2026-03-23T10:09:49.739+0000] {logging_mixin.py:188} INFO - [2026-03-23T10:09:49.739+0000] {dag.py:3058} INFO - Creating ORM DAG for dataxplore_scoring
[2026-03-23T10:09:49.765+0000] {logging_mixin.py:188} INFO - [2026-03-23T10:09:49.765+0000] {dag.py:3823} INFO - Setting next_dagrun for dataxplore_scoring to 2026-03-23 00:30:00+00:00, run_after=2026-03-23 06:30:00+00:00
[2026-03-23T10:09:49.812+0000] {processor.py:183} INFO - Processing /opt/airflow/dags/scoring_dag.py took 0.841 seconds
[2026-03-23T10:10:20.528+0000] {processor.py:161} INFO - Started process (PID=214) to work on /opt/airflow/dags/scoring_dag.py
[2026-03-23T10:10:20.530+0000] {processor.py:830} INFO - Processing file /opt/airflow/dags/scoring_dag.py for tasks to queue
[2026-03-23T10:10:20.532+0000] {logging_mixin.py:188} INFO - [2026-03-23T10:10:20.532+0000] {dagbag.py:538} INFO - Filling up the DagBag from /opt/airflow/dags/scoring_dag.py
[2026-03-23T10:10:20.571+0000] {processor.py:840} INFO - DAG(s) 'dataxplore_scoring' retrieved from /opt/airflow/dags/scoring_dag.py
[2026-03-23T10:10:20.627+0000] {logging_mixin.py:188} INFO - [2026-03-23T10:10:20.627+0000] {dag.py:3036} INFO - Sync 1 DAGs
[2026-03-23T10:10:20.663+0000] {logging_mixin.py:188} INFO - [2026-03-23T10:10:20.663+0000] {dag.py:3823} INFO - Setting next_dagrun for dataxplore_scoring to 2026-03-23 00:30:00+00:00, run_after=2026-03-23 06:30:00+00:00
[2026-03-23T10:10:20.707+0000] {processor.py:183} INFO - Processing /opt/airflow/dags/scoring_dag.py took 0.186 seconds
[2026-03-23T10:10:51.215+0000] {processor.py:161} INFO - Started process (PID=229) to work on /opt/airflow/dags/scoring_dag.py
[2026-03-23T10:10:51.217+0000] {processor.py:830} INFO - Processing file /opt/airflow/dags/scoring_dag.py for tasks to queue
[2026-03-23T10:10:51.220+0000] {logging_mixin.py:188} INFO - [2026-03-23T10:10:51.219+0000] {dagbag.py:538} INFO - Filling up the DagBag from /opt/airflow/dags/scoring_dag.py
[2026-03-23T10:10:51.266+0000] {processor.py:840} INFO - DAG(s) 'dataxplore_scoring' retrieved from /opt/airflow/dags/scoring_dag.py
[2026-03-23T10:10:51.332+0000] {logging_mixin.py:188} INFO - [2026-03-23T10:10:51.332+0000] {dag.py:3036} INFO - Sync 1 DAGs
[2026-03-23T10:10:51.383+0000] {logging_mixin.py:188} INFO - [2026-03-23T10:10:51.383+0000] {dag.py:3823} INFO - Setting next_dagrun for dataxplore_scoring to 2026-03-23 00:30:00+00:00, run_after=2026-03-23 06:30:00+00:00
[2026-03-23T10:10:51.429+0000] {processor.py:183} INFO - Processing /opt/airflow/dags/scoring_dag.py took 0.223 seconds
[2026-03-23T10:11:21.867+0000] {processor.py:161} INFO - Started process (PID=244) to work on /opt/airflow/dags/scoring_dag.py
[2026-03-23T10:11:21.872+0000] {processor.py:830} INFO - Processing file /opt/airflow/dags/scoring_dag.py for tasks to queue
[2026-03-23T10:11:21.874+0000] {logging_mixin.py:188} INFO - [2026-03-23T10:11:21.873+0000] {dagbag.py:538} INFO - Filling up the DagBag from /opt/airflow/dags/scoring_dag.py
[2026-03-23T10:11:21.921+0000] {processor.py:840} INFO - DAG(s) 'dataxplore_scoring' retrieved from /opt/airflow/dags/scoring_dag.py
[2026-03-23T10:11:21.985+0000] {logging_mixin.py:188} INFO - [2026-03-23T10:11:21.984+0000] {dag.py:3036} INFO - Sync 1 DAGs
[2026-03-23T10:11:22.046+0000] {logging_mixin.py:188} INFO - [2026-03-23T10:11:22.045+0000] {dag.py:3823} INFO - Setting next_dagrun for dataxplore_scoring to 2026-03-23 00:30:00+00:00, run_after=2026-03-23 06:30:00+00:00
[2026-03-23T10:11:22.089+0000] {processor.py:183} INFO - Processing /opt/airflow/dags/scoring_dag.py took 0.229 seconds
[2026-03-23T10:11:52.588+0000] {processor.py:161} INFO - Started process (PID=259) to work on /opt/airflow/dags/scoring_dag.py
[2026-03-23T10:11:52.591+0000] {processor.py:830} INFO - Processing file /opt/airflow/dags/scoring_dag.py for tasks to queue
[2026-03-23T10:11:52.594+0000] {logging_mixin.py:188} INFO - [2026-03-23T10:11:52.593+0000] {dagbag.py:538} INFO - Filling up the DagBag from /opt/airflow/dags/scoring_dag.py
[2026-03-23T10:11:52.632+0000] {processor.py:840} INFO - DAG(s) 'dataxplore_scoring' retrieved from /opt/airflow/dags/scoring_dag.py
[2026-03-23T10:11:52.680+0000] {logging_mixin.py:188} INFO - [2026-03-23T10:11:52.680+0000] {dag.py:3036} INFO - Sync 1 DAGs
[2026-03-23T10:11:52.715+0000] {logging_mixin.py:188} INFO - [2026-03-23T10:11:52.714+0000] {dag.py:3823} INFO - Setting next_dagrun for dataxplore_scoring to 2026-03-23 00:30:00+00:00, run_after=2026-03-23 06:30:00+00:00
[2026-03-23T10:11:52.745+0000] {processor.py:183} INFO - Processing /opt/airflow/dags/scoring_dag.py took 0.162 seconds
[2026-03-23T10:12:23.307+0000] {processor.py:161} INFO - Started process (PID=274) to work on /opt/airflow/dags/scoring_dag.py
[2026-03-23T10:12:23.309+0000] {processor.py:830} INFO - Processing file /opt/airflow/dags/scoring_dag.py for tasks to queue
[2026-03-23T10:12:23.311+0000] {logging_mixin.py:188} INFO - [2026-03-23T10:12:23.310+0000] {dagbag.py:538} INFO - Filling up the DagBag from /opt/airflow/dags/scoring_dag.py
[2026-03-23T10:12:23.349+0000] {processor.py:840} INFO - DAG(s) 'dataxplore_scoring' retrieved from /opt/airflow/dags/scoring_dag.py
[2026-03-23T10:12:23.398+0000] {logging_mixin.py:188} INFO - [2026-03-23T10:12:23.397+0000] {dag.py:3036} INFO - Sync 1 DAGs
[2026-03-23T10:12:23.433+0000] {logging_mixin.py:188} INFO - [2026-03-23T10:12:23.433+0000] {dag.py:3823} INFO - Setting next_dagrun for dataxplore_scoring to 2026-03-23 00:30:00+00:00, run_after=2026-03-23 06:30:00+00:00
[2026-03-23T10:12:23.467+0000] {processor.py:183} INFO - Processing /opt/airflow/dags/scoring_dag.py took 0.166 seconds
[2026-03-23T10:12:53.942+0000] {processor.py:161} INFO - Started process (PID=289) to work on /opt/airflow/dags/scoring_dag.py
[2026-03-23T10:12:53.943+0000] {processor.py:830} INFO - Processing file /opt/airflow/dags/scoring_dag.py for tasks to queue
[2026-03-23T10:12:53.945+0000] {logging_mixin.py:188} INFO - [2026-03-23T10:12:53.944+0000] {dagbag.py:538} INFO - Filling up the DagBag from /opt/airflow/dags/scoring_dag.py
[2026-03-23T10:12:53.973+0000] {processor.py:840} INFO - DAG(s) 'dataxplore_scoring' retrieved from /opt/airflow/dags/scoring_dag.py
[2026-03-23T10:12:54.022+0000] {logging_mixin.py:188} INFO - [2026-03-23T10:12:54.022+0000] {dag.py:3036} INFO - Sync 1 DAGs
[2026-03-23T10:12:54.055+0000] {logging_mixin.py:188} INFO - [2026-03-23T10:12:54.055+0000] {dag.py:3823} INFO - Setting next_dagrun for dataxplore_scoring to 2026-03-23 00:30:00+00:00, run_after=2026-03-23 06:30:00+00:00
[2026-03-23T10:12:54.091+0000] {processor.py:183} INFO - Processing /opt/airflow/dags/scoring_dag.py took 0.153 seconds
[2026-03-23T10:13:24.579+0000] {processor.py:161} INFO - Started process (PID=304) to work on /opt/airflow/dags/scoring_dag.py
[2026-03-23T10:13:24.581+0000] {processor.py:830} INFO - Processing file /opt/airflow/dags/scoring_dag.py for tasks to queue
[2026-03-23T10:13:24.582+0000] {logging_mixin.py:188} INFO - [2026-03-23T10:13:24.582+0000] {dagbag.py:538} INFO - Filling up the DagBag from /opt/airflow/dags/scoring_dag.py
[2026-03-23T10:13:24.615+0000] {processor.py:840} INFO - DAG(s) 'dataxplore_scoring' retrieved from /opt/airflow/dags/scoring_dag.py
[2026-03-23T10:13:24.660+0000] {logging_mixin.py:188} INFO - [2026-03-23T10:13:24.660+0000] {dag.py:3036} INFO - Sync 1 DAGs
[2026-03-23T10:13:24.698+0000] {logging_mixin.py:188} INFO - [2026-03-23T10:13:24.697+0000] {dag.py:3823} INFO - Setting next_dagrun for dataxplore_scoring to 2026-03-23 00:30:00+00:00, run_after=2026-03-23 06:30:00+00:00
[2026-03-23T10:13:24.749+0000] {processor.py:183} INFO - Processing /opt/airflow/dags/scoring_dag.py took 0.174 seconds
[2026-03-23T10:13:55.263+0000] {processor.py:161} INFO - Started process (PID=319) to work on /opt/airflow/dags/scoring_dag.py
[2026-03-23T10:13:55.264+0000] {processor.py:830} INFO - Processing file /opt/airflow/dags/scoring_dag.py for tasks to queue
[2026-03-23T10:13:55.266+0000] {logging_mixin.py:188} INFO - [2026-03-23T10:13:55.265+0000] {dagbag.py:538} INFO - Filling up the DagBag from /opt/airflow/dags/scoring_dag.py
[2026-03-23T10:13:55.296+0000] {processor.py:840} INFO - DAG(s) 'dataxplore_scoring' retrieved from /opt/airflow/dags/scoring_dag.py
[2026-03-23T10:13:55.341+0000] {logging_mixin.py:188} INFO - [2026-03-23T10:13:55.340+0000] {dag.py:3036} INFO - Sync 1 DAGs
[2026-03-23T10:13:55.384+0000] {logging_mixin.py:188} INFO - [2026-03-23T10:13:55.383+0000] {dag.py:3823} INFO - Setting next_dagrun for dataxplore_scoring to 2026-03-23 00:30:00+00:00, run_after=2026-03-23 06:30:00+00:00
[2026-03-23T10:13:55.414+0000] {processor.py:183} INFO - Processing /opt/airflow/dags/scoring_dag.py took 0.155 seconds
[2026-03-23T10:14:25.972+0000] {processor.py:161} INFO - Started process (PID=334) to work on /opt/airflow/dags/scoring_dag.py
[2026-03-23T10:14:25.973+0000] {processor.py:830} INFO - Processing file /opt/airflow/dags/scoring_dag.py for tasks to queue
[2026-03-23T10:14:25.974+0000] {logging_mixin.py:188} INFO - [2026-03-23T10:14:25.974+0000] {dagbag.py:538} INFO - Filling up the DagBag from /opt/airflow/dags/scoring_dag.py
[2026-03-23T10:14:26.006+0000] {processor.py:840} INFO - DAG(s) 'dataxplore_scoring' retrieved from /opt/airflow/dags/scoring_dag.py
[2026-03-23T10:14:26.042+0000] {logging_mixin.py:188} INFO - [2026-03-23T10:14:26.042+0000] {dag.py:3036} INFO - Sync 1 DAGs
[2026-03-23T10:14:26.071+0000] {logging_mixin.py:188} INFO - [2026-03-23T10:14:26.070+0000] {dag.py:3823} INFO - Setting next_dagrun for dataxplore_scoring to 2026-03-23 00:30:00+00:00, run_after=2026-03-23 06:30:00+00:00
[2026-03-23T10:14:26.100+0000] {processor.py:183} INFO - Processing /opt/airflow/dags/scoring_dag.py took 0.132 seconds
[2026-03-23T10:14:56.722+0000] {processor.py:161} INFO - Started process (PID=349) to work on /opt/airflow/dags/scoring_dag.py
[2026-03-23T10:14:56.724+0000] {processor.py:830} INFO - Processing file /opt/airflow/dags/scoring_dag.py for tasks to queue
[2026-03-23T10:14:56.725+0000] {logging_mixin.py:188} INFO - [2026-03-23T10:14:56.725+0000] {dagbag.py:538} INFO - Filling up the DagBag from /opt/airflow/dags/scoring_dag.py
[2026-03-23T10:14:56.754+0000] {processor.py:840} INFO - DAG(s) 'dataxplore_scoring' retrieved from /opt/airflow/dags/scoring_dag.py
[2026-03-23T10:14:56.793+0000] {logging_mixin.py:188} INFO - [2026-03-23T10:14:56.792+0000] {dag.py:3036} INFO - Sync 1 DAGs
[2026-03-23T10:14:56.823+0000] {logging_mixin.py:188} INFO - [2026-03-23T10:14:56.823+0000] {dag.py:3823} INFO - Setting next_dagrun for dataxplore_scoring to 2026-03-23 00:30:00+00:00, run_after=2026-03-23 06:30:00+00:00
[2026-03-23T10:14:56.855+0000] {processor.py:183} INFO - Processing /opt/airflow/dags/scoring_dag.py took 0.136 seconds
[2026-03-23T10:15:27.326+0000] {processor.py:161} INFO - Started process (PID=364) to work on /opt/airflow/dags/scoring_dag.py
[2026-03-23T10:15:27.327+0000] {processor.py:830} INFO - Processing file /opt/airflow/dags/scoring_dag.py for tasks to queue
[2026-03-23T10:15:27.329+0000] {logging_mixin.py:188} INFO - [2026-03-23T10:15:27.329+0000] {dagbag.py:538} INFO - Filling up the DagBag from /opt/airflow/dags/scoring_dag.py
[2026-03-23T10:15:27.354+0000] {processor.py:840} INFO - DAG(s) 'dataxplore_scoring' retrieved from /opt/airflow/dags/scoring_dag.py
[2026-03-23T10:15:27.399+0000] {logging_mixin.py:188} INFO - [2026-03-23T10:15:27.399+0000] {dag.py:3036} INFO - Sync 1 DAGs
[2026-03-23T10:15:27.432+0000] {logging_mixin.py:188} INFO - [2026-03-23T10:15:27.432+0000] {dag.py:3823} INFO - Setting next_dagrun for dataxplore_scoring to 2026-03-23 00:30:00+00:00, run_after=2026-03-23 06:30:00+00:00
[2026-03-23T10:15:27.463+0000] {processor.py:183} INFO - Processing /opt/airflow/dags/scoring_dag.py took 0.142 seconds
[2026-03-23T10:15:57.998+0000] {processor.py:161} INFO - Started process (PID=379) to work on /opt/airflow/dags/scoring_dag.py
[2026-03-23T10:15:57.999+0000] {processor.py:830} INFO - Processing file /opt/airflow/dags/scoring_dag.py for tasks to queue
[2026-03-23T10:15:58.000+0000] {logging_mixin.py:188} INFO - [2026-03-23T10:15:58.000+0000] {dagbag.py:538} INFO - Filling up the DagBag from /opt/airflow/dags/scoring_dag.py
[2026-03-23T10:15:58.029+0000] {processor.py:840} INFO - DAG(s) 'dataxplore_scoring' retrieved from /opt/airflow/dags/scoring_dag.py
[2026-03-23T10:15:58.069+0000] {logging_mixin.py:188} INFO - [2026-03-23T10:15:58.068+0000] {dag.py:3036} INFO - Sync 1 DAGs
[2026-03-23T10:15:58.102+0000] {logging_mixin.py:188} INFO - [2026-03-23T10:15:58.102+0000] {dag.py:3823} INFO - Setting next_dagrun for dataxplore_scoring to 2026-03-23 00:30:00+00:00, run_after=2026-03-23 06:30:00+00:00
[2026-03-23T10:15:58.133+0000] {processor.py:183} INFO - Processing /opt/airflow/dags/scoring_dag.py took 0.139 seconds
[2026-03-23T10:16:28.586+0000] {processor.py:161} INFO - Started process (PID=394) to work on /opt/airflow/dags/scoring_dag.py
[2026-03-23T10:16:28.588+0000] {processor.py:830} INFO - Processing file /opt/airflow/dags/scoring_dag.py for tasks to queue
[2026-03-23T10:16:28.589+0000] {logging_mixin.py:188} INFO - [2026-03-23T10:16:28.588+0000] {dagbag.py:538} INFO - Filling up the DagBag from /opt/airflow/dags/scoring_dag.py
[2026-03-23T10:16:28.618+0000] {processor.py:840} INFO - DAG(s) 'dataxplore_scoring' retrieved from /opt/airflow/dags/scoring_dag.py
[2026-03-23T10:16:28.662+0000] {logging_mixin.py:188} INFO - [2026-03-23T10:16:28.661+0000] {dag.py:3036} INFO - Sync 1 DAGs
[2026-03-23T10:16:28.696+0000] {logging_mixin.py:188} INFO - [2026-03-23T10:16:28.696+0000] {dag.py:3823} INFO - Setting next_dagrun for dataxplore_scoring to 2026-03-23 00:30:00+00:00, run_after=2026-03-23 06:30:00+00:00
[2026-03-23T10:16:28.724+0000] {processor.py:183} INFO - Processing /opt/airflow/dags/scoring_dag.py took 0.142 seconds
[2026-03-23T10:16:59.244+0000] {processor.py:161} INFO - Started process (PID=409) to work on /opt/airflow/dags/scoring_dag.py
[2026-03-23T10:16:59.245+0000] {processor.py:830} INFO - Processing file /opt/airflow/dags/scoring_dag.py for tasks to queue
[2026-03-23T10:16:59.247+0000] {logging_mixin.py:188} INFO - [2026-03-23T10:16:59.246+0000] {dagbag.py:538} INFO - Filling up the DagBag from /opt/airflow/dags/scoring_dag.py
[2026-03-23T10:16:59.275+0000] {processor.py:840} INFO - DAG(s) 'dataxplore_scoring' retrieved from /opt/airflow/dags/scoring_dag.py
[2026-03-23T10:16:59.316+0000] {logging_mixin.py:188} INFO - [2026-03-23T10:16:59.316+0000] {dag.py:3036} INFO - Sync 1 DAGs
[2026-03-23T10:16:59.347+0000] {logging_mixin.py:188} INFO - [2026-03-23T10:16:59.346+0000] {dag.py:3823} INFO - Setting next_dagrun for dataxplore_scoring to 2026-03-23 00:30:00+00:00, run_after=2026-03-23 06:30:00+00:00
[2026-03-23T10:16:59.398+0000] {processor.py:183} INFO - Processing /opt/airflow/dags/scoring_dag.py took 0.158 seconds
[2026-03-23T10:17:29.908+0000] {processor.py:161} INFO - Started process (PID=424) to work on /opt/airflow/dags/scoring_dag.py
[2026-03-23T10:17:29.910+0000] {processor.py:830} INFO - Processing file /opt/airflow/dags/scoring_dag.py for tasks to queue
[2026-03-23T10:17:29.912+0000] {logging_mixin.py:188} INFO - [2026-03-23T10:17:29.911+0000] {dagbag.py:538} INFO - Filling up the DagBag from /opt/airflow/dags/scoring_dag.py
[2026-03-23T10:17:29.943+0000] {processor.py:840} INFO - DAG(s) 'dataxplore_scoring' retrieved from /opt/airflow/dags/scoring_dag.py
[2026-03-23T10:17:29.987+0000] {logging_mixin.py:188} INFO - [2026-03-23T10:17:29.987+0000] {dag.py:3036} INFO - Sync 1 DAGs
[2026-03-23T10:17:30.021+0000] {logging_mixin.py:188} INFO - [2026-03-23T10:17:30.020+0000] {dag.py:3823} INFO - Setting next_dagrun for dataxplore_scoring to 2026-03-23 00:30:00+00:00, run_after=2026-03-23 06:30:00+00:00
[2026-03-23T10:17:30.053+0000] {processor.py:183} INFO - Processing /opt/airflow/dags/scoring_dag.py took 0.149 seconds
[2026-03-23T10:18:00.505+0000] {processor.py:161} INFO - Started process (PID=439) to work on /opt/airflow/dags/scoring_dag.py
[2026-03-23T10:18:00.508+0000] {processor.py:830} INFO - Processing file /opt/airflow/dags/scoring_dag.py for tasks to queue
[2026-03-23T10:18:00.512+0000] {logging_mixin.py:188} INFO - [2026-03-23T10:18:00.511+0000] {dagbag.py:538} INFO - Filling up the DagBag from /opt/airflow/dags/scoring_dag.py
[2026-03-23T10:18:00.556+0000] {processor.py:840} INFO - DAG(s) 'dataxplore_scoring' retrieved from /opt/airflow/dags/scoring_dag.py
[2026-03-23T10:18:00.603+0000] {logging_mixin.py:188} INFO - [2026-03-23T10:18:00.602+0000] {dag.py:3036} INFO - Sync 1 DAGs
[2026-03-23T10:18:00.681+0000] {logging_mixin.py:188} INFO - [2026-03-23T10:18:00.681+0000] {dag.py:3823} INFO - Setting next_dagrun for dataxplore_scoring to 2026-03-23 00:30:00+00:00, run_after=2026-03-23 06:30:00+00:00
[2026-03-23T10:18:00.769+0000] {processor.py:183} INFO - Processing /opt/airflow/dags/scoring_dag.py took 0.268 seconds
[2026-03-23T10:18:31.408+0000] {processor.py:161} INFO - Started process (PID=454) to work on /opt/airflow/dags/scoring_dag.py
[2026-03-23T10:18:31.409+0000] {processor.py:830} INFO - Processing file /opt/airflow/dags/scoring_dag.py for tasks to queue
[2026-03-23T10:18:31.410+0000] {logging_mixin.py:188} INFO - [2026-03-23T10:18:31.410+0000] {dagbag.py:538} INFO - Filling up the DagBag from /opt/airflow/dags/scoring_dag.py
[2026-03-23T10:18:31.436+0000] {processor.py:840} INFO - DAG(s) 'dataxplore_scoring' retrieved from /opt/airflow/dags/scoring_dag.py
[2026-03-23T10:18:31.494+0000] {logging_mixin.py:188} INFO - [2026-03-23T10:18:31.494+0000] {dag.py:3036} INFO - Sync 1 DAGs
[2026-03-23T10:18:31.523+0000] {logging_mixin.py:188} INFO - [2026-03-23T10:18:31.522+0000] {dag.py:3823} INFO - Setting next_dagrun for dataxplore_scoring to 2026-03-23 00:30:00+00:00, run_after=2026-03-23 06:30:00+00:00
[2026-03-23T10:18:31.554+0000] {processor.py:183} INFO - Processing /opt/airflow/dags/scoring_dag.py took 0.151 seconds
[2026-03-23T10:19:02.188+0000] {processor.py:161} INFO - Started process (PID=469) to work on /opt/airflow/dags/scoring_dag.py
[2026-03-23T10:19:02.190+0000] {processor.py:830} INFO - Processing file /opt/airflow/dags/scoring_dag.py for tasks to queue
[2026-03-23T10:19:02.192+0000] {logging_mixin.py:188} INFO - [2026-03-23T10:19:02.191+0000] {dagbag.py:538} INFO - Filling up the DagBag from /opt/airflow/dags/scoring_dag.py
[2026-03-23T10:19:02.221+0000] {processor.py:840} INFO - DAG(s) 'dataxplore_scoring' retrieved from /opt/airflow/dags/scoring_dag.py
[2026-03-23T10:19:02.266+0000] {logging_mixin.py:188} INFO - [2026-03-23T10:19:02.266+0000] {dag.py:3036} INFO - Sync 1 DAGs
[2026-03-23T10:19:02.297+0000] {logging_mixin.py:188} INFO - [2026-03-23T10:19:02.296+0000] {dag.py:3823} INFO - Setting next_dagrun for dataxplore_scoring to 2026-03-23 00:30:00+00:00, run_after=2026-03-23 06:30:00+00:00
[2026-03-23T10:19:02.325+0000] {processor.py:183} INFO - Processing /opt/airflow/dags/scoring_dag.py took 0.141 seconds
[2026-03-23T10:19:32.949+0000] {processor.py:161} INFO - Started process (PID=484) to work on /opt/airflow/dags/scoring_dag.py
[2026-03-23T10:19:32.950+0000] {processor.py:830} INFO - Processing file /opt/airflow/dags/scoring_dag.py for tasks to queue
[2026-03-23T10:19:32.952+0000] {logging_mixin.py:188} INFO - [2026-03-23T10:19:32.951+0000] {dagbag.py:538} INFO - Filling up the DagBag from /opt/airflow/dags/scoring_dag.py
[2026-03-23T10:19:32.977+0000] {processor.py:840} INFO - DAG(s) 'dataxplore_scoring' retrieved from /opt/airflow/dags/scoring_dag.py
[2026-03-23T10:19:33.014+0000] {logging_mixin.py:188} INFO - [2026-03-23T10:19:33.014+0000] {dag.py:3036} INFO - Sync 1 DAGs
[2026-03-23T10:19:33.044+0000] {logging_mixin.py:188} INFO - [2026-03-23T10:19:33.044+0000] {dag.py:3823} INFO - Setting next_dagrun for dataxplore_scoring to 2026-03-23 00:30:00+00:00, run_after=2026-03-23 06:30:00+00:00
[2026-03-23T10:19:33.070+0000] {processor.py:183} INFO - Processing /opt/airflow/dags/scoring_dag.py took 0.124 seconds
[2026-03-23T10:20:03.697+0000] {processor.py:161} INFO - Started process (PID=499) to work on /opt/airflow/dags/scoring_dag.py
[2026-03-23T10:20:03.699+0000] {processor.py:830} INFO - Processing file /opt/airflow/dags/scoring_dag.py for tasks to queue
[2026-03-23T10:20:03.700+0000] {logging_mixin.py:188} INFO - [2026-03-23T10:20:03.699+0000] {dagbag.py:538} INFO - Filling up the DagBag from /opt/airflow/dags/scoring_dag.py
[2026-03-23T10:20:03.725+0000] {processor.py:840} INFO - DAG(s) 'dataxplore_scoring' retrieved from /opt/airflow/dags/scoring_dag.py
[2026-03-23T10:20:03.763+0000] {logging_mixin.py:188} INFO - [2026-03-23T10:20:03.763+0000] {dag.py:3036} INFO - Sync 1 DAGs
[2026-03-23T10:20:03.792+0000] {logging_mixin.py:188} INFO - [2026-03-23T10:20:03.792+0000] {dag.py:3823} INFO - Setting next_dagrun for dataxplore_scoring to 2026-03-23 00:30:00+00:00, run_after=2026-03-23 06:30:00+00:00
[2026-03-23T10:20:03.822+0000] {processor.py:183} INFO - Processing /opt/airflow/dags/scoring_dag.py took 0.128 seconds
[2026-03-23T10:20:34.376+0000] {processor.py:161} INFO - Started process (PID=514) to work on /opt/airflow/dags/scoring_dag.py
[2026-03-23T10:20:34.378+0000] {processor.py:830} INFO - Processing file /opt/airflow/dags/scoring_dag.py for tasks to queue
[2026-03-23T10:20:34.379+0000] {logging_mixin.py:188} INFO - [2026-03-23T10:20:34.379+0000] {dagbag.py:538} INFO - Filling up the DagBag from /opt/airflow/dags/scoring_dag.py
[2026-03-23T10:20:34.405+0000] {processor.py:840} INFO - DAG(s) 'dataxplore_scoring' retrieved from /opt/airflow/dags/scoring_dag.py
[2026-03-23T10:20:34.444+0000] {logging_mixin.py:188} INFO - [2026-03-23T10:20:34.444+0000] {dag.py:3036} INFO - Sync 1 DAGs
[2026-03-23T10:20:34.474+0000] {logging_mixin.py:188} INFO - [2026-03-23T10:20:34.473+0000] {dag.py:3823} INFO - Setting next_dagrun for dataxplore_scoring to 2026-03-23 00:30:00+00:00, run_after=2026-03-23 06:30:00+00:00
[2026-03-23T10:20:34.503+0000] {processor.py:183} INFO - Processing /opt/airflow/dags/scoring_dag.py took 0.131 seconds
[2026-03-23T10:21:05.095+0000] {processor.py:161} INFO - Started process (PID=529) to work on /opt/airflow/dags/scoring_dag.py
[2026-03-23T10:21:05.097+0000] {processor.py:830} INFO - Processing file /opt/airflow/dags/scoring_dag.py for tasks to queue
[2026-03-23T10:21:05.098+0000] {logging_mixin.py:188} INFO - [2026-03-23T10:21:05.097+0000] {dagbag.py:538} INFO - Filling up the DagBag from /opt/airflow/dags/scoring_dag.py
[2026-03-23T10:21:05.130+0000] {processor.py:840} INFO - DAG(s) 'dataxplore_scoring' retrieved from /opt/airflow/dags/scoring_dag.py
[2026-03-23T10:21:05.175+0000] {logging_mixin.py:188} INFO - [2026-03-23T10:21:05.174+0000] {dag.py:3036} INFO - Sync 1 DAGs
[2026-03-23T10:21:05.207+0000] {logging_mixin.py:188} INFO - [2026-03-23T10:21:05.207+0000] {dag.py:3823} INFO - Setting next_dagrun for dataxplore_scoring to 2026-03-23 00:30:00+00:00, run_after=2026-03-23 06:30:00+00:00
[2026-03-23T10:21:05.241+0000] {processor.py:183} INFO - Processing /opt/airflow/dags/scoring_dag.py took 0.149 seconds
[2026-03-23T10:21:35.750+0000] {processor.py:161} INFO - Started process (PID=544) to work on /opt/airflow/dags/scoring_dag.py
[2026-03-23T10:21:35.752+0000] {processor.py:830} INFO - Processing file /opt/airflow/dags/scoring_dag.py for tasks to queue
[2026-03-23T10:21:35.754+0000] {logging_mixin.py:188} INFO - [2026-03-23T10:21:35.753+0000] {dagbag.py:538} INFO - Filling up the DagBag from /opt/airflow/dags/scoring_dag.py
[2026-03-23T10:21:35.787+0000] {processor.py:840} INFO - DAG(s) 'dataxplore_scoring' retrieved from /opt/airflow/dags/scoring_dag.py
[2026-03-23T10:21:35.831+0000] {logging_mixin.py:188} INFO - [2026-03-23T10:21:35.830+0000] {dag.py:3036} INFO - Sync 1 DAGs
[2026-03-23T10:21:35.864+0000] {logging_mixin.py:188} INFO - [2026-03-23T10:21:35.863+0000] {dag.py:3823} INFO - Setting next_dagrun for dataxplore_scoring to 2026-03-23 00:30:00+00:00, run_after=2026-03-23 06:30:00+00:00
[2026-03-23T10:21:35.898+0000] {processor.py:183} INFO - Processing /opt/airflow/dags/scoring_dag.py took 0.151 seconds
[2026-03-23T10:22:06.399+0000] {processor.py:161} INFO - Started process (PID=559) to work on /opt/airflow/dags/scoring_dag.py
[2026-03-23T10:22:06.401+0000] {processor.py:830} INFO - Processing file /opt/airflow/dags/scoring_dag.py for tasks to queue
[2026-03-23T10:22:06.403+0000] {logging_mixin.py:188} INFO - [2026-03-23T10:22:06.402+0000] {dagbag.py:538} INFO - Filling up the DagBag from /opt/airflow/dags/scoring_dag.py
[2026-03-23T10:22:06.432+0000] {processor.py:840} INFO - DAG(s) 'dataxplore_scoring' retrieved from /opt/airflow/dags/scoring_dag.py
[2026-03-23T10:22:06.472+0000] {logging_mixin.py:188} INFO - [2026-03-23T10:22:06.472+0000] {dag.py:3036} INFO - Sync 1 DAGs
[2026-03-23T10:22:06.507+0000] {logging_mixin.py:188} INFO - [2026-03-23T10:22:06.506+0000] {dag.py:3823} INFO - Setting next_dagrun for dataxplore_scoring to 2026-03-23 00:30:00+00:00, run_after=2026-03-23 06:30:00+00:00
[2026-03-23T10:22:06.536+0000] {processor.py:183} INFO - Processing /opt/airflow/dags/scoring_dag.py took 0.141 seconds
[2026-03-23T10:22:37.141+0000] {processor.py:161} INFO - Started process (PID=574) to work on /opt/airflow/dags/scoring_dag.py
[2026-03-23T10:22:37.142+0000] {processor.py:830} INFO - Processing file /opt/airflow/dags/scoring_dag.py for tasks to queue
[2026-03-23T10:22:37.144+0000] {logging_mixin.py:188} INFO - [2026-03-23T10:22:37.144+0000] {dagbag.py:538} INFO - Filling up the DagBag from /opt/airflow/dags/scoring_dag.py
[2026-03-23T10:22:37.175+0000] {processor.py:840} INFO - DAG(s) 'dataxplore_scoring' retrieved from /opt/airflow/dags/scoring_dag.py
[2026-03-23T10:22:37.213+0000] {logging_mixin.py:188} INFO - [2026-03-23T10:22:37.212+0000] {dag.py:3036} INFO - Sync 1 DAGs
[2026-03-23T10:22:37.242+0000] {logging_mixin.py:188} INFO - [2026-03-23T10:22:37.242+0000] {dag.py:3823} INFO - Setting next_dagrun for dataxplore_scoring to 2026-03-23 00:30:00+00:00, run_after=2026-03-23 06:30:00+00:00
[2026-03-23T10:22:37.270+0000] {processor.py:183} INFO - Processing /opt/airflow/dags/scoring_dag.py took 0.135 seconds
[2026-03-23T10:23:07.866+0000] {processor.py:161} INFO - Started process (PID=589) to work on /opt/airflow/dags/scoring_dag.py
[2026-03-23T10:23:07.867+0000] {processor.py:830} INFO - Processing file /opt/airflow/dags/scoring_dag.py for tasks to queue
[2026-03-23T10:23:07.868+0000] {logging_mixin.py:188} INFO - [2026-03-23T10:23:07.868+0000] {dagbag.py:538} INFO - Filling up the DagBag from /opt/airflow/dags/scoring_dag.py
[2026-03-23T10:23:07.898+0000] {processor.py:840} INFO - DAG(s) 'dataxplore_scoring' retrieved from /opt/airflow/dags/scoring_dag.py
[2026-03-23T10:23:07.934+0000] {logging_mixin.py:188} INFO - [2026-03-23T10:23:07.934+0000] {dag.py:3036} INFO - Sync 1 DAGs
[2026-03-23T10:23:07.961+0000] {logging_mixin.py:188} INFO - [2026-03-23T10:23:07.960+0000] {dag.py:3823} INFO - Setting next_dagrun for dataxplore_scoring to 2026-03-23 00:30:00+00:00, run_after=2026-03-23 06:30:00+00:00
[2026-03-23T10:23:07.990+0000] {processor.py:183} INFO - Processing /opt/airflow/dags/scoring_dag.py took 0.128 seconds
[2026-03-23T10:23:38.515+0000] {processor.py:161} INFO - Started process (PID=604) to work on /opt/airflow/dags/scoring_dag.py
[2026-03-23T10:23:38.516+0000] {processor.py:830} INFO - Processing file /opt/airflow/dags/scoring_dag.py for tasks to queue
[2026-03-23T10:23:38.517+0000] {logging_mixin.py:188} INFO - [2026-03-23T10:23:38.517+0000] {dagbag.py:538} INFO - Filling up the DagBag from /opt/airflow/dags/scoring_dag.py
[2026-03-23T10:23:38.544+0000] {processor.py:840} INFO - DAG(s) 'dataxplore_scoring' retrieved from /opt/airflow/dags/scoring_dag.py
[2026-03-23T10:23:38.582+0000] {logging_mixin.py:188} INFO - [2026-03-23T10:23:38.581+0000] {dag.py:3036} INFO - Sync 1 DAGs
[2026-03-23T10:23:38.610+0000] {logging_mixin.py:188} INFO - [2026-03-23T10:23:38.610+0000] {dag.py:3823} INFO - Setting next_dagrun for dataxplore_scoring to 2026-03-23 00:30:00+00:00, run_after=2026-03-23 06:30:00+00:00
[2026-03-23T10:23:38.642+0000] {processor.py:183} INFO - Processing /opt/airflow/dags/scoring_dag.py took 0.132 seconds
[2026-03-23T10:24:09.156+0000] {processor.py:161} INFO - Started process (PID=619) to work on /opt/airflow/dags/scoring_dag.py
[2026-03-23T10:24:09.158+0000] {processor.py:830} INFO - Processing file /opt/airflow/dags/scoring_dag.py for tasks to queue
[2026-03-23T10:24:09.159+0000] {logging_mixin.py:188} INFO - [2026-03-23T10:24:09.159+0000] {dagbag.py:538} INFO - Filling up the DagBag from /opt/airflow/dags/scoring_dag.py
[2026-03-23T10:24:09.189+0000] {processor.py:840} INFO - DAG(s) 'dataxplore_scoring' retrieved from /opt/airflow/dags/scoring_dag.py
[2026-03-23T10:24:09.231+0000] {logging_mixin.py:188} INFO - [2026-03-23T10:24:09.231+0000] {dag.py:3036} INFO - Sync 1 DAGs
[2026-03-23T10:24:09.261+0000] {logging_mixin.py:188} INFO - [2026-03-23T10:24:09.261+0000] {dag.py:3823} INFO - Setting next_dagrun for dataxplore_scoring to 2026-03-23 00:30:00+00:00, run_after=2026-03-23 06:30:00+00:00
[2026-03-23T10:24:09.296+0000] {processor.py:183} INFO - Processing /opt/airflow/dags/scoring_dag.py took 0.145 seconds
[2026-03-23T10:24:39.836+0000] {processor.py:161} INFO - Started process (PID=634) to work on /opt/airflow/dags/scoring_dag.py
[2026-03-23T10:24:39.837+0000] {processor.py:830} INFO - Processing file /opt/airflow/dags/scoring_dag.py for tasks to queue
[2026-03-23T10:24:39.839+0000] {logging_mixin.py:188} INFO - [2026-03-23T10:24:39.838+0000] {dagbag.py:538} INFO - Filling up the DagBag from /opt/airflow/dags/scoring_dag.py
[2026-03-23T10:24:39.869+0000] {processor.py:840} INFO - DAG(s) 'dataxplore_scoring' retrieved from /opt/airflow/dags/scoring_dag.py
[2026-03-23T10:24:39.913+0000] {logging_mixin.py:188} INFO - [2026-03-23T10:24:39.913+0000] {dag.py:3036} INFO - Sync 1 DAGs
[2026-03-23T10:24:39.954+0000] {logging_mixin.py:188} INFO - [2026-03-23T10:24:39.953+0000] {dag.py:3823} INFO - Setting next_dagrun for dataxplore_scoring to 2026-03-23 00:30:00+00:00, run_after=2026-03-23 06:30:00+00:00
[2026-03-23T10:24:39.998+0000] {processor.py:183} INFO - Processing /opt/airflow/dags/scoring_dag.py took 0.166 seconds
[2026-03-23T10:25:10.504+0000] {processor.py:161} INFO - Started process (PID=649) to work on /opt/airflow/dags/scoring_dag.py
[2026-03-23T10:25:10.506+0000] {processor.py:830} INFO - Processing file /opt/airflow/dags/scoring_dag.py for tasks to queue
[2026-03-23T10:25:10.507+0000] {logging_mixin.py:188} INFO - [2026-03-23T10:25:10.507+0000] {dagbag.py:538} INFO - Filling up the DagBag from /opt/airflow/dags/scoring_dag.py
[2026-03-23T10:25:10.536+0000] {processor.py:840} INFO - DAG(s) 'dataxplore_scoring' retrieved from /opt/airflow/dags/scoring_dag.py
[2026-03-23T10:25:10.575+0000] {logging_mixin.py:188} INFO - [2026-03-23T10:25:10.574+0000] {dag.py:3036} INFO - Sync 1 DAGs
[2026-03-23T10:25:10.602+0000] {logging_mixin.py:188} INFO - [2026-03-23T10:25:10.602+0000] {dag.py:3823} INFO - Setting next_dagrun for dataxplore_scoring to 2026-03-23 00:30:00+00:00, run_after=2026-03-23 06:30:00+00:00
[2026-03-23T10:25:10.635+0000] {processor.py:183} INFO - Processing /opt/airflow/dags/scoring_dag.py took 0.135 seconds
[2026-03-23T10:25:41.136+0000] {processor.py:161} INFO - Started process (PID=664) to work on /opt/airflow/dags/scoring_dag.py
[2026-03-23T10:25:41.137+0000] {processor.py:830} INFO - Processing file /opt/airflow/dags/scoring_dag.py for tasks to queue
[2026-03-23T10:25:41.138+0000] {logging_mixin.py:188} INFO - [2026-03-23T10:25:41.138+0000] {dagbag.py:538} INFO - Filling up the DagBag from /opt/airflow/dags/scoring_dag.py
[2026-03-23T10:25:41.167+0000] {processor.py:840} INFO - DAG(s) 'dataxplore_scoring' retrieved from /opt/airflow/dags/scoring_dag.py
[2026-03-23T10:25:41.212+0000] {logging_mixin.py:188} INFO - [2026-03-23T10:25:41.212+0000] {dag.py:3036} INFO - Sync 1 DAGs
[2026-03-23T10:25:41.246+0000] {logging_mixin.py:188} INFO - [2026-03-23T10:25:41.246+0000] {dag.py:3823} INFO - Setting next_dagrun for dataxplore_scoring to 2026-03-23 00:30:00+00:00, run_after=2026-03-23 06:30:00+00:00
[2026-03-23T10:25:41.277+0000] {processor.py:183} INFO - Processing /opt/airflow/dags/scoring_dag.py took 0.146 seconds
[2026-03-23T10:26:11.771+0000] {processor.py:161} INFO - Started process (PID=679) to work on /opt/airflow/dags/scoring_dag.py
[2026-03-23T10:26:11.772+0000] {processor.py:830} INFO - Processing file /opt/airflow/dags/scoring_dag.py for tasks to queue
[2026-03-23T10:26:11.774+0000] {logging_mixin.py:188} INFO - [2026-03-23T10:26:11.773+0000] {dagbag.py:538} INFO - Filling up the DagBag from /opt/airflow/dags/scoring_dag.py
[2026-03-23T10:26:11.801+0000] {processor.py:840} INFO - DAG(s) 'dataxplore_scoring' retrieved from /opt/airflow/dags/scoring_dag.py
[2026-03-23T10:26:11.840+0000] {logging_mixin.py:188} INFO - [2026-03-23T10:26:11.839+0000] {dag.py:3036} INFO - Sync 1 DAGs
[2026-03-23T10:26:11.872+0000] {logging_mixin.py:188} INFO - [2026-03-23T10:26:11.871+0000] {dag.py:3823} INFO - Setting next_dagrun for dataxplore_scoring to 2026-03-23 00:30:00+00:00, run_after=2026-03-23 06:30:00+00:00
[2026-03-23T10:26:11.900+0000] {processor.py:183} INFO - Processing /opt/airflow/dags/scoring_dag.py took 0.133 seconds
[2026-03-23T10:26:42.453+0000] {processor.py:161} INFO - Started process (PID=694) to work on /opt/airflow/dags/scoring_dag.py
[2026-03-23T10:26:42.454+0000] {processor.py:830} INFO - Processing file /opt/airflow/dags/scoring_dag.py for tasks to queue
[2026-03-23T10:26:42.455+0000] {logging_mixin.py:188} INFO - [2026-03-23T10:26:42.455+0000] {dagbag.py:538} INFO - Filling up the DagBag from /opt/airflow/dags/scoring_dag.py
[2026-03-23T10:26:42.485+0000] {processor.py:840} INFO - DAG(s) 'dataxplore_scoring' retrieved from /opt/airflow/dags/scoring_dag.py
[2026-03-23T10:26:42.538+0000] {logging_mixin.py:188} INFO - [2026-03-23T10:26:42.538+0000] {dag.py:3036} INFO - Sync 1 DAGs
[2026-03-23T10:26:42.582+0000] {logging_mixin.py:188} INFO - [2026-03-23T10:26:42.581+0000] {dag.py:3823} INFO - Setting next_dagrun for dataxplore_scoring to 2026-03-23 00:30:00+00:00, run_after=2026-03-23 06:30:00+00:00
[2026-03-23T10:26:42.623+0000] {processor.py:183} INFO - Processing /opt/airflow/dags/scoring_dag.py took 0.173 seconds
[2026-03-23T10:27:13.148+0000] {processor.py:161} INFO - Started process (PID=709) to work on /opt/airflow/dags/scoring_dag.py
[2026-03-23T10:27:13.149+0000] {processor.py:830} INFO - Processing file /opt/airflow/dags/scoring_dag.py for tasks to queue
[2026-03-23T10:27:13.150+0000] {logging_mixin.py:188} INFO - [2026-03-23T10:27:13.150+0000] {dagbag.py:538} INFO - Filling up the DagBag from /opt/airflow/dags/scoring_dag.py
[2026-03-23T10:27:13.174+0000] {processor.py:840} INFO - DAG(s) 'dataxplore_scoring' retrieved from /opt/airflow/dags/scoring_dag.py
[2026-03-23T10:27:13.215+0000] {logging_mixin.py:188} INFO - [2026-03-23T10:27:13.215+0000] {dag.py:3036} INFO - Sync 1 DAGs
[2026-03-23T10:27:13.246+0000] {logging_mixin.py:188} INFO - [2026-03-23T10:27:13.246+0000] {dag.py:3823} INFO - Setting next_dagrun for dataxplore_scoring to 2026-03-23 00:30:00+00:00, run_after=2026-03-23 06:30:00+00:00
[2026-03-23T10:27:13.281+0000] {processor.py:183} INFO - Processing /opt/airflow/dags/scoring_dag.py took 0.138 seconds
[2026-03-23T10:27:43.888+0000] {processor.py:161} INFO - Started process (PID=724) to work on /opt/airflow/dags/scoring_dag.py
[2026-03-23T10:27:43.889+0000] {processor.py:830} INFO - Processing file /opt/airflow/dags/scoring_dag.py for tasks to queue
[2026-03-23T10:27:43.891+0000] {logging_mixin.py:188} INFO - [2026-03-23T10:27:43.890+0000] {dagbag.py:538} INFO - Filling up the DagBag from /opt/airflow/dags/scoring_dag.py
[2026-03-23T10:27:43.914+0000] {processor.py:840} INFO - DAG(s) 'dataxplore_scoring' retrieved from /opt/airflow/dags/scoring_dag.py
[2026-03-23T10:27:43.951+0000] {logging_mixin.py:188} INFO - [2026-03-23T10:27:43.951+0000] {dag.py:3036} INFO - Sync 1 DAGs
[2026-03-23T10:27:43.981+0000] {logging_mixin.py:188} INFO - [2026-03-23T10:27:43.980+0000] {dag.py:3823} INFO - Setting next_dagrun for dataxplore_scoring to 2026-03-23 00:30:00+00:00, run_after=2026-03-23 06:30:00+00:00
[2026-03-23T10:27:44.011+0000] {processor.py:183} INFO - Processing /opt/airflow/dags/scoring_dag.py took 0.126 seconds
[2026-03-23T10:28:14.557+0000] {processor.py:161} INFO - Started process (PID=739) to work on /opt/airflow/dags/scoring_dag.py
[2026-03-23T10:28:14.558+0000] {processor.py:830} INFO - Processing file /opt/airflow/dags/scoring_dag.py for tasks to queue
[2026-03-23T10:28:14.559+0000] {logging_mixin.py:188} INFO - [2026-03-23T10:28:14.559+0000] {dagbag.py:538} INFO - Filling up the DagBag from /opt/airflow/dags/scoring_dag.py
[2026-03-23T10:28:14.614+0000] {processor.py:840} INFO - DAG(s) 'dataxplore_scoring' retrieved from /opt/airflow/dags/scoring_dag.py
[2026-03-23T10:28:14.652+0000] {logging_mixin.py:188} INFO - [2026-03-23T10:28:14.652+0000] {dag.py:3036} INFO - Sync 1 DAGs
[2026-03-23T10:28:14.682+0000] {logging_mixin.py:188} INFO - [2026-03-23T10:28:14.682+0000] {dag.py:3823} INFO - Setting next_dagrun for dataxplore_scoring to 2026-03-23 00:30:00+00:00, run_after=2026-03-23 06:30:00+00:00
[2026-03-23T10:28:14.708+0000] {processor.py:183} INFO - Processing /opt/airflow/dags/scoring_dag.py took 0.154 seconds
[2026-03-23T10:28:45.293+0000] {processor.py:161} INFO - Started process (PID=754) to work on /opt/airflow/dags/scoring_dag.py
[2026-03-23T10:28:45.294+0000] {processor.py:830} INFO - Processing file /opt/airflow/dags/scoring_dag.py for tasks to queue
[2026-03-23T10:28:45.295+0000] {logging_mixin.py:188} INFO - [2026-03-23T10:28:45.295+0000] {dagbag.py:538} INFO - Filling up the DagBag from /opt/airflow/dags/scoring_dag.py
[2026-03-23T10:28:45.323+0000] {processor.py:840} INFO - DAG(s) 'dataxplore_scoring' retrieved from /opt/airflow/dags/scoring_dag.py
[2026-03-23T10:28:45.361+0000] {logging_mixin.py:188} INFO - [2026-03-23T10:28:45.361+0000] {dag.py:3036} INFO - Sync 1 DAGs
[2026-03-23T10:28:45.392+0000] {logging_mixin.py:188} INFO - [2026-03-23T10:28:45.391+0000] {dag.py:3823} INFO - Setting next_dagrun for dataxplore_scoring to 2026-03-23 00:30:00+00:00, run_after=2026-03-23 06:30:00+00:00
[2026-03-23T10:28:45.419+0000] {processor.py:183} INFO - Processing /opt/airflow/dags/scoring_dag.py took 0.131 seconds
[2026-03-23T10:29:16.002+0000] {processor.py:161} INFO - Started process (PID=769) to work on /opt/airflow/dags/scoring_dag.py
[2026-03-23T10:29:16.003+0000] {processor.py:830} INFO - Processing file /opt/airflow/dags/scoring_dag.py for tasks to queue
[2026-03-23T10:29:16.004+0000] {logging_mixin.py:188} INFO - [2026-03-23T10:29:16.004+0000] {dagbag.py:538} INFO - Filling up the DagBag from /opt/airflow/dags/scoring_dag.py
[2026-03-23T10:29:16.026+0000] {processor.py:840} INFO - DAG(s) 'dataxplore_scoring' retrieved from /opt/airflow/dags/scoring_dag.py
[2026-03-23T10:29:16.063+0000] {logging_mixin.py:188} INFO - [2026-03-23T10:29:16.063+0000] {dag.py:3036} INFO - Sync 1 DAGs
[2026-03-23T10:29:16.092+0000] {logging_mixin.py:188} INFO - [2026-03-23T10:29:16.092+0000] {dag.py:3823} INFO - Setting next_dagrun for dataxplore_scoring to 2026-03-23 00:30:00+00:00, run_after=2026-03-23 06:30:00+00:00
[2026-03-23T10:29:16.120+0000] {processor.py:183} INFO - Processing /opt/airflow/dags/scoring_dag.py took 0.122 seconds
[2026-03-23T10:29:46.637+0000] {processor.py:161} INFO - Started process (PID=784) to work on /opt/airflow/dags/scoring_dag.py
[2026-03-23T10:29:46.638+0000] {processor.py:830} INFO - Processing file /opt/airflow/dags/scoring_dag.py for tasks to queue
[2026-03-23T10:29:46.639+0000] {logging_mixin.py:188} INFO - [2026-03-23T10:29:46.639+0000] {dagbag.py:538} INFO - Filling up the DagBag from /opt/airflow/dags/scoring_dag.py
[2026-03-23T10:29:46.666+0000] {processor.py:840} INFO - DAG(s) 'dataxplore_scoring' retrieved from /opt/airflow/dags/scoring_dag.py
[2026-03-23T10:29:46.710+0000] {logging_mixin.py:188} INFO - [2026-03-23T10:29:46.709+0000] {dag.py:3036} INFO - Sync 1 DAGs
[2026-03-23T10:29:46.740+0000] {logging_mixin.py:188} INFO - [2026-03-23T10:29:46.739+0000] {dag.py:3823} INFO - Setting next_dagrun for dataxplore_scoring to 2026-03-23 00:30:00+00:00, run_after=2026-03-23 06:30:00+00:00
[2026-03-23T10:29:46.770+0000] {processor.py:183} INFO - Processing /opt/airflow/dags/scoring_dag.py took 0.137 seconds
[2026-03-23T10:30:17.310+0000] {processor.py:161} INFO - Started process (PID=799) to work on /opt/airflow/dags/scoring_dag.py
[2026-03-23T10:30:17.311+0000] {processor.py:830} INFO - Processing file /opt/airflow/dags/scoring_dag.py for tasks to queue
[2026-03-23T10:30:17.312+0000] {logging_mixin.py:188} INFO - [2026-03-23T10:30:17.312+0000] {dagbag.py:538} INFO - Filling up the DagBag from /opt/airflow/dags/scoring_dag.py
[2026-03-23T10:30:17.346+0000] {processor.py:840} INFO - DAG(s) 'dataxplore_scoring' retrieved from /opt/airflow/dags/scoring_dag.py
[2026-03-23T10:30:17.387+0000] {logging_mixin.py:188} INFO - [2026-03-23T10:30:17.386+0000] {dag.py:3036} INFO - Sync 1 DAGs
[2026-03-23T10:30:17.417+0000] {logging_mixin.py:188} INFO - [2026-03-23T10:30:17.417+0000] {dag.py:3823} INFO - Setting next_dagrun for dataxplore_scoring to 2026-03-23 00:30:00+00:00, run_after=2026-03-23 06:30:00+00:00
[2026-03-23T10:30:17.450+0000] {processor.py:183} INFO - Processing /opt/airflow/dags/scoring_dag.py took 0.150 seconds
[2026-03-23T10:30:47.994+0000] {processor.py:161} INFO - Started process (PID=814) to work on /opt/airflow/dags/scoring_dag.py
[2026-03-23T10:30:47.996+0000] {processor.py:830} INFO - Processing file /opt/airflow/dags/scoring_dag.py for tasks to queue
[2026-03-23T10:30:47.998+0000] {logging_mixin.py:188} INFO - [2026-03-23T10:30:47.997+0000] {dagbag.py:538} INFO - Filling up the DagBag from /opt/airflow/dags/scoring_dag.py
[2026-03-23T10:30:48.024+0000] {processor.py:840} INFO - DAG(s) 'dataxplore_scoring' retrieved from /opt/airflow/dags/scoring_dag.py
[2026-03-23T10:30:48.068+0000] {logging_mixin.py:188} INFO - [2026-03-23T10:30:48.068+0000] {dag.py:3036} INFO - Sync 1 DAGs
[2026-03-23T10:30:48.098+0000] {logging_mixin.py:188} INFO - [2026-03-23T10:30:48.097+0000] {dag.py:3823} INFO - Setting next_dagrun for dataxplore_scoring to 2026-03-23 00:30:00+00:00, run_after=2026-03-23 06:30:00+00:00
[2026-03-23T10:30:48.132+0000] {processor.py:183} INFO - Processing /opt/airflow/dags/scoring_dag.py took 0.143 seconds
[2026-03-23T10:31:18.693+0000] {processor.py:161} INFO - Started process (PID=829) to work on /opt/airflow/dags/scoring_dag.py
[2026-03-23T10:31:18.694+0000] {processor.py:830} INFO - Processing file /opt/airflow/dags/scoring_dag.py for tasks to queue
[2026-03-23T10:31:18.695+0000] {logging_mixin.py:188} INFO - [2026-03-23T10:31:18.695+0000] {dagbag.py:538} INFO - Filling up the DagBag from /opt/airflow/dags/scoring_dag.py
[2026-03-23T10:31:18.723+0000] {processor.py:840} INFO - DAG(s) 'dataxplore_scoring' retrieved from /opt/airflow/dags/scoring_dag.py
[2026-03-23T10:31:18.764+0000] {logging_mixin.py:188} INFO - [2026-03-23T10:31:18.764+0000] {dag.py:3036} INFO - Sync 1 DAGs
[2026-03-23T10:31:18.796+0000] {logging_mixin.py:188} INFO - [2026-03-23T10:31:18.795+0000] {dag.py:3823} INFO - Setting next_dagrun for dataxplore_scoring to 2026-03-23 00:30:00+00:00, run_after=2026-03-23 06:30:00+00:00
[2026-03-23T10:31:18.825+0000] {processor.py:183} INFO - Processing /opt/airflow/dags/scoring_dag.py took 0.136 seconds
[2026-03-23T10:31:49.315+0000] {processor.py:161} INFO - Started process (PID=844) to work on /opt/airflow/dags/scoring_dag.py
[2026-03-23T10:31:49.316+0000] {processor.py:830} INFO - Processing file /opt/airflow/dags/scoring_dag.py for tasks to queue
[2026-03-23T10:31:49.318+0000] {logging_mixin.py:188} INFO - [2026-03-23T10:31:49.317+0000] {dagbag.py:538} INFO - Filling up the DagBag from /opt/airflow/dags/scoring_dag.py
[2026-03-23T10:31:49.347+0000] {processor.py:840} INFO - DAG(s) 'dataxplore_scoring' retrieved from /opt/airflow/dags/scoring_dag.py
[2026-03-23T10:31:49.391+0000] {logging_mixin.py:188} INFO - [2026-03-23T10:31:49.391+0000] {dag.py:3036} INFO - Sync 1 DAGs
[2026-03-23T10:31:49.424+0000] {logging_mixin.py:188} INFO - [2026-03-23T10:31:49.423+0000] {dag.py:3823} INFO - Setting next_dagrun for dataxplore_scoring to 2026-03-23 00:30:00+00:00, run_after=2026-03-23 06:30:00+00:00
[2026-03-23T10:31:49.457+0000] {processor.py:183} INFO - Processing /opt/airflow/dags/scoring_dag.py took 0.148 seconds
[2026-03-23T10:32:20.012+0000] {processor.py:161} INFO - Started process (PID=859) to work on /opt/airflow/dags/scoring_dag.py
[2026-03-23T10:32:20.013+0000] {processor.py:830} INFO - Processing file /opt/airflow/dags/scoring_dag.py for tasks to queue
[2026-03-23T10:32:20.015+0000] {logging_mixin.py:188} INFO - [2026-03-23T10:32:20.015+0000] {dagbag.py:538} INFO - Filling up the DagBag from /opt/airflow/dags/scoring_dag.py
[2026-03-23T10:32:20.053+0000] {processor.py:840} INFO - DAG(s) 'dataxplore_scoring' retrieved from /opt/airflow/dags/scoring_dag.py
[2026-03-23T10:32:20.092+0000] {logging_mixin.py:188} INFO - [2026-03-23T10:32:20.092+0000] {dag.py:3036} INFO - Sync 1 DAGs
[2026-03-23T10:32:20.125+0000] {logging_mixin.py:188} INFO - [2026-03-23T10:32:20.125+0000] {dag.py:3823} INFO - Setting next_dagrun for dataxplore_scoring to 2026-03-23 00:30:00+00:00, run_after=2026-03-23 06:30:00+00:00
[2026-03-23T10:32:20.151+0000] {processor.py:183} INFO - Processing /opt/airflow/dags/scoring_dag.py took 0.150 seconds
[2026-03-23T10:32:50.695+0000] {processor.py:161} INFO - Started process (PID=874) to work on /opt/airflow/dags/scoring_dag.py
[2026-03-23T10:32:50.697+0000] {processor.py:830} INFO - Processing file /opt/airflow/dags/scoring_dag.py for tasks to queue
[2026-03-23T10:32:50.699+0000] {logging_mixin.py:188} INFO - [2026-03-23T10:32:50.698+0000] {dagbag.py:538} INFO - Filling up the DagBag from /opt/airflow/dags/scoring_dag.py
[2026-03-23T10:32:50.728+0000] {processor.py:840} INFO - DAG(s) 'dataxplore_scoring' retrieved from /opt/airflow/dags/scoring_dag.py
[2026-03-23T10:32:50.770+0000] {logging_mixin.py:188} INFO - [2026-03-23T10:32:50.769+0000] {dag.py:3036} INFO - Sync 1 DAGs
[2026-03-23T10:32:50.800+0000] {logging_mixin.py:188} INFO - [2026-03-23T10:32:50.799+0000] {dag.py:3823} INFO - Setting next_dagrun for dataxplore_scoring to 2026-03-23 00:30:00+00:00, run_after=2026-03-23 06:30:00+00:00
[2026-03-23T10:32:50.834+0000] {processor.py:183} INFO - Processing /opt/airflow/dags/scoring_dag.py took 0.143 seconds
[2026-03-23T10:33:21.352+0000] {processor.py:161} INFO - Started process (PID=889) to work on /opt/airflow/dags/scoring_dag.py
[2026-03-23T10:33:21.353+0000] {processor.py:830} INFO - Processing file /opt/airflow/dags/scoring_dag.py for tasks to queue
[2026-03-23T10:33:21.355+0000] {logging_mixin.py:188} INFO - [2026-03-23T10:33:21.354+0000] {dagbag.py:538} INFO - Filling up the DagBag from /opt/airflow/dags/scoring_dag.py
[2026-03-23T10:33:21.387+0000] {processor.py:840} INFO - DAG(s) 'dataxplore_scoring' retrieved from /opt/airflow/dags/scoring_dag.py
[2026-03-23T10:33:21.436+0000] {logging_mixin.py:188} INFO - [2026-03-23T10:33:21.436+0000] {dag.py:3036} INFO - Sync 1 DAGs
[2026-03-23T10:33:21.472+0000] {logging_mixin.py:188} INFO - [2026-03-23T10:33:21.471+0000] {dag.py:3823} INFO - Setting next_dagrun for dataxplore_scoring to 2026-03-23 00:30:00+00:00, run_after=2026-03-23 06:30:00+00:00
[2026-03-23T10:33:21.502+0000] {processor.py:183} INFO - Processing /opt/airflow/dags/scoring_dag.py took 0.155 seconds
[2026-03-23T10:33:52.042+0000] {processor.py:161} INFO - Started process (PID=904) to work on /opt/airflow/dags/scoring_dag.py
[2026-03-23T10:33:52.043+0000] {processor.py:830} INFO - Processing file /opt/airflow/dags/scoring_dag.py for tasks to queue
[2026-03-23T10:33:52.045+0000] {logging_mixin.py:188} INFO - [2026-03-23T10:33:52.044+0000] {dagbag.py:538} INFO - Filling up the DagBag from /opt/airflow/dags/scoring_dag.py
[2026-03-23T10:33:52.073+0000] {processor.py:840} INFO - DAG(s) 'dataxplore_scoring' retrieved from /opt/airflow/dags/scoring_dag.py
[2026-03-23T10:33:52.117+0000] {logging_mixin.py:188} INFO - [2026-03-23T10:33:52.116+0000] {dag.py:3036} INFO - Sync 1 DAGs
[2026-03-23T10:33:52.150+0000] {logging_mixin.py:188} INFO - [2026-03-23T10:33:52.149+0000] {dag.py:3823} INFO - Setting next_dagrun for dataxplore_scoring to 2026-03-23 00:30:00+00:00, run_after=2026-03-23 06:30:00+00:00
[2026-03-23T10:33:52.186+0000] {processor.py:183} INFO - Processing /opt/airflow/dags/scoring_dag.py took 0.148 seconds
[2026-03-23T10:34:22.588+0000] {processor.py:161} INFO - Started process (PID=919) to work on /opt/airflow/dags/scoring_dag.py
[2026-03-23T10:34:22.589+0000] {processor.py:830} INFO - Processing file /opt/airflow/dags/scoring_dag.py for tasks to queue
[2026-03-23T10:34:22.591+0000] {logging_mixin.py:188} INFO - [2026-03-23T10:34:22.590+0000] {dagbag.py:538} INFO - Filling up the DagBag from /opt/airflow/dags/scoring_dag.py
[2026-03-23T10:34:22.617+0000] {processor.py:840} INFO - DAG(s) 'dataxplore_scoring' retrieved from /opt/airflow/dags/scoring_dag.py
[2026-03-23T10:34:22.656+0000] {logging_mixin.py:188} INFO - [2026-03-23T10:34:22.656+0000] {dag.py:3036} INFO - Sync 1 DAGs
[2026-03-23T10:34:22.684+0000] {logging_mixin.py:188} INFO - [2026-03-23T10:34:22.684+0000] {dag.py:3823} INFO - Setting next_dagrun for dataxplore_scoring to 2026-03-23 00:30:00+00:00, run_after=2026-03-23 06:30:00+00:00
[2026-03-23T10:34:22.718+0000] {processor.py:183} INFO - Processing /opt/airflow/dags/scoring_dag.py took 0.134 seconds
[2026-03-23T10:34:53.327+0000] {processor.py:161} INFO - Started process (PID=934) to work on /opt/airflow/dags/scoring_dag.py
[2026-03-23T10:34:53.329+0000] {processor.py:830} INFO - Processing file /opt/airflow/dags/scoring_dag.py for tasks to queue
[2026-03-23T10:34:53.331+0000] {logging_mixin.py:188} INFO - [2026-03-23T10:34:53.330+0000] {dagbag.py:538} INFO - Filling up the DagBag from /opt/airflow/dags/scoring_dag.py
[2026-03-23T10:34:53.361+0000] {processor.py:840} INFO - DAG(s) 'dataxplore_scoring' retrieved from /opt/airflow/dags/scoring_dag.py
[2026-03-23T10:34:53.398+0000] {logging_mixin.py:188} INFO - [2026-03-23T10:34:53.398+0000] {dag.py:3036} INFO - Sync 1 DAGs
[2026-03-23T10:34:53.427+0000] {logging_mixin.py:188} INFO - [2026-03-23T10:34:53.427+0000] {dag.py:3823} INFO - Setting next_dagrun for dataxplore_scoring to 2026-03-23 00:30:00+00:00, run_after=2026-03-23 06:30:00+00:00
[2026-03-23T10:34:53.454+0000] {processor.py:183} INFO - Processing /opt/airflow/dags/scoring_dag.py took 0.132 seconds
[2026-03-23T10:35:24.001+0000] {processor.py:161} INFO - Started process (PID=949) to work on /opt/airflow/dags/scoring_dag.py
[2026-03-23T10:35:24.002+0000] {processor.py:830} INFO - Processing file /opt/airflow/dags/scoring_dag.py for tasks to queue
[2026-03-23T10:35:24.003+0000] {logging_mixin.py:188} INFO - [2026-03-23T10:35:24.003+0000] {dagbag.py:538} INFO - Filling up the DagBag from /opt/airflow/dags/scoring_dag.py
[2026-03-23T10:35:24.029+0000] {processor.py:840} INFO - DAG(s) 'dataxplore_scoring' retrieved from /opt/airflow/dags/scoring_dag.py
[2026-03-23T10:35:24.069+0000] {logging_mixin.py:188} INFO - [2026-03-23T10:35:24.069+0000] {dag.py:3036} INFO - Sync 1 DAGs
[2026-03-23T10:35:24.100+0000] {logging_mixin.py:188} INFO - [2026-03-23T10:35:24.100+0000] {dag.py:3823} INFO - Setting next_dagrun for dataxplore_scoring to 2026-03-23 00:30:00+00:00, run_after=2026-03-23 06:30:00+00:00
[2026-03-23T10:35:24.128+0000] {processor.py:183} INFO - Processing /opt/airflow/dags/scoring_dag.py took 0.131 seconds
[2026-03-23T10:35:54.671+0000] {processor.py:161} INFO - Started process (PID=964) to work on /opt/airflow/dags/scoring_dag.py
[2026-03-23T10:35:54.672+0000] {processor.py:830} INFO - Processing file /opt/airflow/dags/scoring_dag.py for tasks to queue
[2026-03-23T10:35:54.673+0000] {logging_mixin.py:188} INFO - [2026-03-23T10:35:54.673+0000] {dagbag.py:538} INFO - Filling up the DagBag from /opt/airflow/dags/scoring_dag.py
[2026-03-23T10:35:54.698+0000] {processor.py:840} INFO - DAG(s) 'dataxplore_scoring' retrieved from /opt/airflow/dags/scoring_dag.py
[2026-03-23T10:35:54.734+0000] {logging_mixin.py:188} INFO - [2026-03-23T10:35:54.734+0000] {dag.py:3036} INFO - Sync 1 DAGs
[2026-03-23T10:35:54.764+0000] {logging_mixin.py:188} INFO - [2026-03-23T10:35:54.763+0000] {dag.py:3823} INFO - Setting next_dagrun for dataxplore_scoring to 2026-03-23 00:30:00+00:00, run_after=2026-03-23 06:30:00+00:00
[2026-03-23T10:35:54.797+0000] {processor.py:183} INFO - Processing /opt/airflow/dags/scoring_dag.py took 0.130 seconds
[2026-03-23T10:36:25.340+0000] {processor.py:161} INFO - Started process (PID=979) to work on /opt/airflow/dags/scoring_dag.py
[2026-03-23T10:36:25.342+0000] {processor.py:830} INFO - Processing file /opt/airflow/dags/scoring_dag.py for tasks to queue
[2026-03-23T10:36:25.344+0000] {logging_mixin.py:188} INFO - [2026-03-23T10:36:25.343+0000] {dagbag.py:538} INFO - Filling up the DagBag from /opt/airflow/dags/scoring_dag.py
[2026-03-23T10:36:25.371+0000] {processor.py:840} INFO - DAG(s) 'dataxplore_scoring' retrieved from /opt/airflow/dags/scoring_dag.py
[2026-03-23T10:36:25.413+0000] {logging_mixin.py:188} INFO - [2026-03-23T10:36:25.413+0000] {dag.py:3036} INFO - Sync 1 DAGs
[2026-03-23T10:36:25.441+0000] {logging_mixin.py:188} INFO - [2026-03-23T10:36:25.441+0000] {dag.py:3823} INFO - Setting next_dagrun for dataxplore_scoring to 2026-03-23 00:30:00+00:00, run_after=2026-03-23 06:30:00+00:00
[2026-03-23T10:36:25.492+0000] {processor.py:183} INFO - Processing /opt/airflow/dags/scoring_dag.py took 0.156 seconds
[2026-03-23T10:36:55.916+0000] {processor.py:161} INFO - Started process (PID=994) to work on /opt/airflow/dags/scoring_dag.py
[2026-03-23T10:36:55.918+0000] {processor.py:830} INFO - Processing file /opt/airflow/dags/scoring_dag.py for tasks to queue
[2026-03-23T10:36:55.919+0000] {logging_mixin.py:188} INFO - [2026-03-23T10:36:55.919+0000] {dagbag.py:538} INFO - Filling up the DagBag from /opt/airflow/dags/scoring_dag.py
[2026-03-23T10:36:55.974+0000] {processor.py:840} INFO - DAG(s) 'dataxplore_scoring' retrieved from /opt/airflow/dags/scoring_dag.py
[2026-03-23T10:36:56.009+0000] {logging_mixin.py:188} INFO - [2026-03-23T10:36:56.009+0000] {dag.py:3036} INFO - Sync 1 DAGs
[2026-03-23T10:36:56.044+0000] {logging_mixin.py:188} INFO - [2026-03-23T10:36:56.043+0000] {dag.py:3823} INFO - Setting next_dagrun for dataxplore_scoring to 2026-03-23 00:30:00+00:00, run_after=2026-03-23 06:30:00+00:00
[2026-03-23T10:36:56.071+0000] {processor.py:183} INFO - Processing /opt/airflow/dags/scoring_dag.py took 0.159 seconds
[2026-03-23T10:37:26.602+0000] {processor.py:161} INFO - Started process (PID=1009) to work on /opt/airflow/dags/scoring_dag.py
[2026-03-23T10:37:26.603+0000] {processor.py:830} INFO - Processing file /opt/airflow/dags/scoring_dag.py for tasks to queue
[2026-03-23T10:37:26.604+0000] {logging_mixin.py:188} INFO - [2026-03-23T10:37:26.604+0000] {dagbag.py:538} INFO - Filling up the DagBag from /opt/airflow/dags/scoring_dag.py
[2026-03-23T10:37:26.628+0000] {processor.py:840} INFO - DAG(s) 'dataxplore_scoring' retrieved from /opt/airflow/dags/scoring_dag.py
[2026-03-23T10:37:26.664+0000] {logging_mixin.py:188} INFO - [2026-03-23T10:37:26.664+0000] {dag.py:3036} INFO - Sync 1 DAGs
[2026-03-23T10:37:26.692+0000] {logging_mixin.py:188} INFO - [2026-03-23T10:37:26.692+0000] {dag.py:3823} INFO - Setting next_dagrun for dataxplore_scoring to 2026-03-23 00:30:00+00:00, run_after=2026-03-23 06:30:00+00:00
[2026-03-23T10:37:26.724+0000] {processor.py:183} INFO - Processing /opt/airflow/dags/scoring_dag.py took 0.126 seconds
[2026-03-23T10:37:57.292+0000] {processor.py:161} INFO - Started process (PID=1024) to work on /opt/airflow/dags/scoring_dag.py
[2026-03-23T10:37:57.294+0000] {processor.py:830} INFO - Processing file /opt/airflow/dags/scoring_dag.py for tasks to queue
[2026-03-23T10:37:57.295+0000] {logging_mixin.py:188} INFO - [2026-03-23T10:37:57.295+0000] {dagbag.py:538} INFO - Filling up the DagBag from /opt/airflow/dags/scoring_dag.py
[2026-03-23T10:37:57.325+0000] {processor.py:840} INFO - DAG(s) 'dataxplore_scoring' retrieved from /opt/airflow/dags/scoring_dag.py
[2026-03-23T10:37:57.362+0000] {logging_mixin.py:188} INFO - [2026-03-23T10:37:57.362+0000] {dag.py:3036} INFO - Sync 1 DAGs
[2026-03-23T10:37:57.390+0000] {logging_mixin.py:188} INFO - [2026-03-23T10:37:57.389+0000] {dag.py:3823} INFO - Setting next_dagrun for dataxplore_scoring to 2026-03-23 00:30:00+00:00, run_after=2026-03-23 06:30:00+00:00
[2026-03-23T10:37:57.420+0000] {processor.py:183} INFO - Processing /opt/airflow/dags/scoring_dag.py took 0.131 seconds
[2026-03-23T10:38:27.922+0000] {processor.py:161} INFO - Started process (PID=1039) to work on /opt/airflow/dags/scoring_dag.py
[2026-03-23T10:38:27.924+0000] {processor.py:830} INFO - Processing file /opt/airflow/dags/scoring_dag.py for tasks to queue
[2026-03-23T10:38:27.926+0000] {logging_mixin.py:188} INFO - [2026-03-23T10:38:27.925+0000] {dagbag.py:538} INFO - Filling up the DagBag from /opt/airflow/dags/scoring_dag.py
[2026-03-23T10:38:28.033+0000] {processor.py:840} INFO - DAG(s) 'dataxplore_scoring' retrieved from /opt/airflow/dags/scoring_dag.py
[2026-03-23T10:38:28.183+0000] {logging_mixin.py:188} INFO - [2026-03-23T10:38:28.182+0000] {dag.py:3036} INFO - Sync 1 DAGs
[2026-03-23T10:38:28.282+0000] {logging_mixin.py:188} INFO - [2026-03-23T10:38:28.281+0000] {dag.py:3823} INFO - Setting next_dagrun for dataxplore_scoring to 2026-03-23 00:30:00+00:00, run_after=2026-03-23 06:30:00+00:00
[2026-03-23T10:38:28.337+0000] {processor.py:183} INFO - Processing /opt/airflow/dags/scoring_dag.py took 0.421 seconds
[2026-03-23T10:38:58.442+0000] {processor.py:161} INFO - Started process (PID=1054) to work on /opt/airflow/dags/scoring_dag.py
[2026-03-23T10:38:58.443+0000] {processor.py:830} INFO - Processing file /opt/airflow/dags/scoring_dag.py for tasks to queue
[2026-03-23T10:38:58.445+0000] {logging_mixin.py:188} INFO - [2026-03-23T10:38:58.444+0000] {dagbag.py:538} INFO - Filling up the DagBag from /opt/airflow/dags/scoring_dag.py
[2026-03-23T10:38:58.477+0000] {processor.py:840} INFO - DAG(s) 'dataxplore_scoring' retrieved from /opt/airflow/dags/scoring_dag.py
[2026-03-23T10:38:58.518+0000] {logging_mixin.py:188} INFO - [2026-03-23T10:38:58.518+0000] {dag.py:3036} INFO - Sync 1 DAGs
[2026-03-23T10:38:58.547+0000] {logging_mixin.py:188} INFO - [2026-03-23T10:38:58.547+0000] {dag.py:3823} INFO - Setting next_dagrun for dataxplore_scoring to 2026-03-23 00:30:00+00:00, run_after=2026-03-23 06:30:00+00:00
[2026-03-23T10:38:58.578+0000] {processor.py:183} INFO - Processing /opt/airflow/dags/scoring_dag.py took 0.140 seconds
[2026-03-23T10:39:29.081+0000] {processor.py:161} INFO - Started process (PID=1069) to work on /opt/airflow/dags/scoring_dag.py
[2026-03-23T10:39:29.082+0000] {processor.py:830} INFO - Processing file /opt/airflow/dags/scoring_dag.py for tasks to queue
[2026-03-23T10:39:29.083+0000] {logging_mixin.py:188} INFO - [2026-03-23T10:39:29.083+0000] {dagbag.py:538} INFO - Filling up the DagBag from /opt/airflow/dags/scoring_dag.py
[2026-03-23T10:39:29.111+0000] {processor.py:840} INFO - DAG(s) 'dataxplore_scoring' retrieved from /opt/airflow/dags/scoring_dag.py
[2026-03-23T10:39:29.154+0000] {logging_mixin.py:188} INFO - [2026-03-23T10:39:29.154+0000] {dag.py:3036} INFO - Sync 1 DAGs
[2026-03-23T10:39:29.186+0000] {logging_mixin.py:188} INFO - [2026-03-23T10:39:29.185+0000] {dag.py:3823} INFO - Setting next_dagrun for dataxplore_scoring to 2026-03-23 00:30:00+00:00, run_after=2026-03-23 06:30:00+00:00
[2026-03-23T10:39:29.219+0000] {processor.py:183} INFO - Processing /opt/airflow/dags/scoring_dag.py took 0.142 seconds
[2026-03-23T10:39:59.804+0000] {processor.py:161} INFO - Started process (PID=1084) to work on /opt/airflow/dags/scoring_dag.py
[2026-03-23T10:39:59.806+0000] {processor.py:830} INFO - Processing file /opt/airflow/dags/scoring_dag.py for tasks to queue
[2026-03-23T10:39:59.808+0000] {logging_mixin.py:188} INFO - [2026-03-23T10:39:59.807+0000] {dagbag.py:538} INFO - Filling up the DagBag from /opt/airflow/dags/scoring_dag.py
[2026-03-23T10:39:59.838+0000] {processor.py:840} INFO - DAG(s) 'dataxplore_scoring' retrieved from /opt/airflow/dags/scoring_dag.py
[2026-03-23T10:39:59.951+0000] {logging_mixin.py:188} INFO - [2026-03-23T10:39:59.951+0000] {dag.py:3036} INFO - Sync 1 DAGs
[2026-03-23T10:40:00.052+0000] {logging_mixin.py:188} INFO - [2026-03-23T10:40:00.051+0000] {dag.py:3823} INFO - Setting next_dagrun for dataxplore_scoring to 2026-03-23 00:30:00+00:00, run_after=2026-03-23 06:30:00+00:00
[2026-03-23T10:40:00.101+0000] {processor.py:183} INFO - Processing /opt/airflow/dags/scoring_dag.py took 0.302 seconds
[2026-03-23T10:40:30.633+0000] {processor.py:161} INFO - Started process (PID=1099) to work on /opt/airflow/dags/scoring_dag.py
[2026-03-23T10:40:30.635+0000] {processor.py:830} INFO - Processing file /opt/airflow/dags/scoring_dag.py for tasks to queue
[2026-03-23T10:40:30.636+0000] {logging_mixin.py:188} INFO - [2026-03-23T10:40:30.636+0000] {dagbag.py:538} INFO - Filling up the DagBag from /opt/airflow/dags/scoring_dag.py
[2026-03-23T10:40:30.674+0000] {processor.py:840} INFO - DAG(s) 'dataxplore_scoring' retrieved from /opt/airflow/dags/scoring_dag.py
[2026-03-23T10:40:30.713+0000] {logging_mixin.py:188} INFO - [2026-03-23T10:40:30.713+0000] {dag.py:3036} INFO - Sync 1 DAGs
[2026-03-23T10:40:30.743+0000] {logging_mixin.py:188} INFO - [2026-03-23T10:40:30.743+0000] {dag.py:3823} INFO - Setting next_dagrun for dataxplore_scoring to 2026-03-23 00:30:00+00:00, run_after=2026-03-23 06:30:00+00:00
[2026-03-23T10:40:30.772+0000] {processor.py:183} INFO - Processing /opt/airflow/dags/scoring_dag.py took 0.145 seconds
[2026-03-23T10:41:01.289+0000] {processor.py:161} INFO - Started process (PID=1114) to work on /opt/airflow/dags/scoring_dag.py
[2026-03-23T10:41:01.290+0000] {processor.py:830} INFO - Processing file /opt/airflow/dags/scoring_dag.py for tasks to queue
[2026-03-23T10:41:01.292+0000] {logging_mixin.py:188} INFO - [2026-03-23T10:41:01.291+0000] {dagbag.py:538} INFO - Filling up the DagBag from /opt/airflow/dags/scoring_dag.py
[2026-03-23T10:41:01.317+0000] {processor.py:840} INFO - DAG(s) 'dataxplore_scoring' retrieved from /opt/airflow/dags/scoring_dag.py
[2026-03-23T10:41:01.354+0000] {logging_mixin.py:188} INFO - [2026-03-23T10:41:01.354+0000] {dag.py:3036} INFO - Sync 1 DAGs
[2026-03-23T10:41:01.383+0000] {logging_mixin.py:188} INFO - [2026-03-23T10:41:01.382+0000] {dag.py:3823} INFO - Setting next_dagrun for dataxplore_scoring to 2026-03-23 00:30:00+00:00, run_after=2026-03-23 06:30:00+00:00
[2026-03-23T10:41:01.414+0000] {processor.py:183} INFO - Processing /opt/airflow/dags/scoring_dag.py took 0.131 seconds
[2026-03-23T10:41:32.050+0000] {processor.py:161} INFO - Started process (PID=1129) to work on /opt/airflow/dags/scoring_dag.py
[2026-03-23T10:41:32.052+0000] {processor.py:830} INFO - Processing file /opt/airflow/dags/scoring_dag.py for tasks to queue
[2026-03-23T10:41:32.053+0000] {logging_mixin.py:188} INFO - [2026-03-23T10:41:32.053+0000] {dagbag.py:538} INFO - Filling up the DagBag from /opt/airflow/dags/scoring_dag.py
[2026-03-23T10:41:32.082+0000] {processor.py:840} INFO - DAG(s) 'dataxplore_scoring' retrieved from /opt/airflow/dags/scoring_dag.py
[2026-03-23T10:41:32.122+0000] {logging_mixin.py:188} INFO - [2026-03-23T10:41:32.121+0000] {dag.py:3036} INFO - Sync 1 DAGs
[2026-03-23T10:41:32.154+0000] {logging_mixin.py:188} INFO - [2026-03-23T10:41:32.153+0000] {dag.py:3823} INFO - Setting next_dagrun for dataxplore_scoring to 2026-03-23 00:30:00+00:00, run_after=2026-03-23 06:30:00+00:00
[2026-03-23T10:41:32.185+0000] {processor.py:183} INFO - Processing /opt/airflow/dags/scoring_dag.py took 0.142 seconds
[2026-03-23T10:42:02.730+0000] {processor.py:161} INFO - Started process (PID=1144) to work on /opt/airflow/dags/scoring_dag.py
[2026-03-23T10:42:02.732+0000] {processor.py:830} INFO - Processing file /opt/airflow/dags/scoring_dag.py for tasks to queue
[2026-03-23T10:42:02.735+0000] {logging_mixin.py:188} INFO - [2026-03-23T10:42:02.734+0000] {dagbag.py:538} INFO - Filling up the DagBag from /opt/airflow/dags/scoring_dag.py
[2026-03-23T10:42:02.769+0000] {processor.py:840} INFO - DAG(s) 'dataxplore_scoring' retrieved from /opt/airflow/dags/scoring_dag.py
[2026-03-23T10:42:02.811+0000] {logging_mixin.py:188} INFO - [2026-03-23T10:42:02.810+0000] {dag.py:3036} INFO - Sync 1 DAGs
[2026-03-23T10:42:02.839+0000] {logging_mixin.py:188} INFO - [2026-03-23T10:42:02.838+0000] {dag.py:3823} INFO - Setting next_dagrun for dataxplore_scoring to 2026-03-23 00:30:00+00:00, run_after=2026-03-23 06:30:00+00:00
[2026-03-23T10:42:02.873+0000] {processor.py:183} INFO - Processing /opt/airflow/dags/scoring_dag.py took 0.149 seconds
[2026-03-23T10:42:33.384+0000] {processor.py:161} INFO - Started process (PID=1159) to work on /opt/airflow/dags/scoring_dag.py
[2026-03-23T10:42:33.391+0000] {processor.py:830} INFO - Processing file /opt/airflow/dags/scoring_dag.py for tasks to queue
[2026-03-23T10:42:33.393+0000] {logging_mixin.py:188} INFO - [2026-03-23T10:42:33.392+0000] {dagbag.py:538} INFO - Filling up the DagBag from /opt/airflow/dags/scoring_dag.py
[2026-03-23T10:42:33.481+0000] {processor.py:840} INFO - DAG(s) 'dataxplore_scoring' retrieved from /opt/airflow/dags/scoring_dag.py
[2026-03-23T10:42:33.573+0000] {logging_mixin.py:188} INFO - [2026-03-23T10:42:33.572+0000] {dag.py:3036} INFO - Sync 1 DAGs
[2026-03-23T10:42:33.631+0000] {logging_mixin.py:188} INFO - [2026-03-23T10:42:33.631+0000] {dag.py:3823} INFO - Setting next_dagrun for dataxplore_scoring to 2026-03-23 00:30:00+00:00, run_after=2026-03-23 06:30:00+00:00
[2026-03-23T10:42:33.678+0000] {processor.py:183} INFO - Processing /opt/airflow/dags/scoring_dag.py took 0.301 seconds
[2026-03-23T10:43:03.921+0000] {processor.py:161} INFO - Started process (PID=1174) to work on /opt/airflow/dags/scoring_dag.py
[2026-03-23T10:43:03.922+0000] {processor.py:830} INFO - Processing file /opt/airflow/dags/scoring_dag.py for tasks to queue
[2026-03-23T10:43:03.924+0000] {logging_mixin.py:188} INFO - [2026-03-23T10:43:03.923+0000] {dagbag.py:538} INFO - Filling up the DagBag from /opt/airflow/dags/scoring_dag.py
[2026-03-23T10:43:03.954+0000] {processor.py:840} INFO - DAG(s) 'dataxplore_scoring' retrieved from /opt/airflow/dags/scoring_dag.py
[2026-03-23T10:43:03.996+0000] {logging_mixin.py:188} INFO - [2026-03-23T10:43:03.995+0000] {dag.py:3036} INFO - Sync 1 DAGs
[2026-03-23T10:43:04.027+0000] {logging_mixin.py:188} INFO - [2026-03-23T10:43:04.027+0000] {dag.py:3823} INFO - Setting next_dagrun for dataxplore_scoring to 2026-03-23 00:30:00+00:00, run_after=2026-03-23 06:30:00+00:00
[2026-03-23T10:43:04.061+0000] {processor.py:183} INFO - Processing /opt/airflow/dags/scoring_dag.py took 0.147 seconds
[2026-03-23T10:43:34.551+0000] {processor.py:161} INFO - Started process (PID=1189) to work on /opt/airflow/dags/scoring_dag.py
[2026-03-23T10:43:34.553+0000] {processor.py:830} INFO - Processing file /opt/airflow/dags/scoring_dag.py for tasks to queue
[2026-03-23T10:43:34.555+0000] {logging_mixin.py:188} INFO - [2026-03-23T10:43:34.554+0000] {dagbag.py:538} INFO - Filling up the DagBag from /opt/airflow/dags/scoring_dag.py
[2026-03-23T10:43:34.590+0000] {processor.py:840} INFO - DAG(s) 'dataxplore_scoring' retrieved from /opt/airflow/dags/scoring_dag.py
[2026-03-23T10:43:34.638+0000] {logging_mixin.py:188} INFO - [2026-03-23T10:43:34.638+0000] {dag.py:3036} INFO - Sync 1 DAGs
[2026-03-23T10:43:34.683+0000] {logging_mixin.py:188} INFO - [2026-03-23T10:43:34.683+0000] {dag.py:3823} INFO - Setting next_dagrun for dataxplore_scoring to 2026-03-23 00:30:00+00:00, run_after=2026-03-23 06:30:00+00:00
[2026-03-23T10:43:34.723+0000] {processor.py:183} INFO - Processing /opt/airflow/dags/scoring_dag.py took 0.177 seconds
[2026-03-23T10:44:05.207+0000] {processor.py:161} INFO - Started process (PID=1204) to work on /opt/airflow/dags/scoring_dag.py
[2026-03-23T10:44:05.208+0000] {processor.py:830} INFO - Processing file /opt/airflow/dags/scoring_dag.py for tasks to queue
[2026-03-23T10:44:05.210+0000] {logging_mixin.py:188} INFO - [2026-03-23T10:44:05.209+0000] {dagbag.py:538} INFO - Filling up the DagBag from /opt/airflow/dags/scoring_dag.py
[2026-03-23T10:44:05.244+0000] {processor.py:840} INFO - DAG(s) 'dataxplore_scoring' retrieved from /opt/airflow/dags/scoring_dag.py
[2026-03-23T10:44:05.289+0000] {logging_mixin.py:188} INFO - [2026-03-23T10:44:05.288+0000] {dag.py:3036} INFO - Sync 1 DAGs
[2026-03-23T10:44:05.326+0000] {logging_mixin.py:188} INFO - [2026-03-23T10:44:05.325+0000] {dag.py:3823} INFO - Setting next_dagrun for dataxplore_scoring to 2026-03-23 00:30:00+00:00, run_after=2026-03-23 06:30:00+00:00
[2026-03-23T10:44:05.361+0000] {processor.py:183} INFO - Processing /opt/airflow/dags/scoring_dag.py took 0.160 seconds
[2026-03-23T10:44:35.931+0000] {processor.py:161} INFO - Started process (PID=1219) to work on /opt/airflow/dags/scoring_dag.py
[2026-03-23T10:44:35.932+0000] {processor.py:830} INFO - Processing file /opt/airflow/dags/scoring_dag.py for tasks to queue
[2026-03-23T10:44:35.934+0000] {logging_mixin.py:188} INFO - [2026-03-23T10:44:35.934+0000] {dagbag.py:538} INFO - Filling up the DagBag from /opt/airflow/dags/scoring_dag.py
[2026-03-23T10:44:35.965+0000] {processor.py:840} INFO - DAG(s) 'dataxplore_scoring' retrieved from /opt/airflow/dags/scoring_dag.py
[2026-03-23T10:44:36.005+0000] {logging_mixin.py:188} INFO - [2026-03-23T10:44:36.005+0000] {dag.py:3036} INFO - Sync 1 DAGs
[2026-03-23T10:44:36.037+0000] {logging_mixin.py:188} INFO - [2026-03-23T10:44:36.037+0000] {dag.py:3823} INFO - Setting next_dagrun for dataxplore_scoring to 2026-03-23 00:30:00+00:00, run_after=2026-03-23 06:30:00+00:00
[2026-03-23T10:44:36.068+0000] {processor.py:183} INFO - Processing /opt/airflow/dags/scoring_dag.py took 0.141 seconds
[2026-03-23T10:45:06.675+0000] {processor.py:161} INFO - Started process (PID=1234) to work on /opt/airflow/dags/scoring_dag.py
[2026-03-23T10:45:06.676+0000] {processor.py:830} INFO - Processing file /opt/airflow/dags/scoring_dag.py for tasks to queue
[2026-03-23T10:45:06.677+0000] {logging_mixin.py:188} INFO - [2026-03-23T10:45:06.677+0000] {dagbag.py:538} INFO - Filling up the DagBag from /opt/airflow/dags/scoring_dag.py
[2026-03-23T10:45:06.715+0000] {processor.py:840} INFO - DAG(s) 'dataxplore_scoring' retrieved from /opt/airflow/dags/scoring_dag.py
[2026-03-23T10:45:06.760+0000] {logging_mixin.py:188} INFO - [2026-03-23T10:45:06.759+0000] {dag.py:3036} INFO - Sync 1 DAGs
[2026-03-23T10:45:06.798+0000] {logging_mixin.py:188} INFO - [2026-03-23T10:45:06.798+0000] {dag.py:3823} INFO - Setting next_dagrun for dataxplore_scoring to 2026-03-23 00:30:00+00:00, run_after=2026-03-23 06:30:00+00:00
[2026-03-23T10:45:06.828+0000] {processor.py:183} INFO - Processing /opt/airflow/dags/scoring_dag.py took 0.159 seconds
[2026-03-23T10:45:37.339+0000] {processor.py:161} INFO - Started process (PID=1249) to work on /opt/airflow/dags/scoring_dag.py
[2026-03-23T10:45:37.340+0000] {processor.py:830} INFO - Processing file /opt/airflow/dags/scoring_dag.py for tasks to queue
[2026-03-23T10:45:37.341+0000] {logging_mixin.py:188} INFO - [2026-03-23T10:45:37.341+0000] {dagbag.py:538} INFO - Filling up the DagBag from /opt/airflow/dags/scoring_dag.py
[2026-03-23T10:45:37.370+0000] {processor.py:840} INFO - DAG(s) 'dataxplore_scoring' retrieved from /opt/airflow/dags/scoring_dag.py
[2026-03-23T10:45:37.410+0000] {logging_mixin.py:188} INFO - [2026-03-23T10:45:37.410+0000] {dag.py:3036} INFO - Sync 1 DAGs
[2026-03-23T10:45:37.443+0000] {logging_mixin.py:188} INFO - [2026-03-23T10:45:37.443+0000] {dag.py:3823} INFO - Setting next_dagrun for dataxplore_scoring to 2026-03-23 00:30:00+00:00, run_after=2026-03-23 06:30:00+00:00
[2026-03-23T10:45:37.490+0000] {processor.py:183} INFO - Processing /opt/airflow/dags/scoring_dag.py took 0.156 seconds
[2026-03-23T10:46:08.088+0000] {processor.py:161} INFO - Started process (PID=1264) to work on /opt/airflow/dags/scoring_dag.py
[2026-03-23T10:46:08.090+0000] {processor.py:830} INFO - Processing file /opt/airflow/dags/scoring_dag.py for tasks to queue
[2026-03-23T10:46:08.091+0000] {logging_mixin.py:188} INFO - [2026-03-23T10:46:08.091+0000] {dagbag.py:538} INFO - Filling up the DagBag from /opt/airflow/dags/scoring_dag.py
[2026-03-23T10:46:08.131+0000] {processor.py:840} INFO - DAG(s) 'dataxplore_scoring' retrieved from /opt/airflow/dags/scoring_dag.py
[2026-03-23T10:46:08.181+0000] {logging_mixin.py:188} INFO - [2026-03-23T10:46:08.180+0000] {dag.py:3036} INFO - Sync 1 DAGs
[2026-03-23T10:46:08.212+0000] {logging_mixin.py:188} INFO - [2026-03-23T10:46:08.212+0000] {dag.py:3823} INFO - Setting next_dagrun for dataxplore_scoring to 2026-03-23 00:30:00+00:00, run_after=2026-03-23 06:30:00+00:00
[2026-03-23T10:46:08.247+0000] {processor.py:183} INFO - Processing /opt/airflow/dags/scoring_dag.py took 0.166 seconds
[2026-03-23T10:46:38.809+0000] {processor.py:161} INFO - Started process (PID=1279) to work on /opt/airflow/dags/scoring_dag.py
[2026-03-23T10:46:38.810+0000] {processor.py:830} INFO - Processing file /opt/airflow/dags/scoring_dag.py for tasks to queue
[2026-03-23T10:46:38.812+0000] {logging_mixin.py:188} INFO - [2026-03-23T10:46:38.811+0000] {dagbag.py:538} INFO - Filling up the DagBag from /opt/airflow/dags/scoring_dag.py
[2026-03-23T10:46:38.844+0000] {processor.py:840} INFO - DAG(s) 'dataxplore_scoring' retrieved from /opt/airflow/dags/scoring_dag.py
[2026-03-23T10:46:38.893+0000] {logging_mixin.py:188} INFO - [2026-03-23T10:46:38.893+0000] {dag.py:3036} INFO - Sync 1 DAGs
[2026-03-23T10:46:38.925+0000] {logging_mixin.py:188} INFO - [2026-03-23T10:46:38.925+0000] {dag.py:3823} INFO - Setting next_dagrun for dataxplore_scoring to 2026-03-23 00:30:00+00:00, run_after=2026-03-23 06:30:00+00:00
[2026-03-23T10:46:38.959+0000] {processor.py:183} INFO - Processing /opt/airflow/dags/scoring_dag.py took 0.155 seconds
[2026-03-23T10:47:09.438+0000] {processor.py:161} INFO - Started process (PID=1294) to work on /opt/airflow/dags/scoring_dag.py
[2026-03-23T10:47:09.440+0000] {processor.py:830} INFO - Processing file /opt/airflow/dags/scoring_dag.py for tasks to queue
[2026-03-23T10:47:09.441+0000] {logging_mixin.py:188} INFO - [2026-03-23T10:47:09.441+0000] {dagbag.py:538} INFO - Filling up the DagBag from /opt/airflow/dags/scoring_dag.py
[2026-03-23T10:47:09.469+0000] {processor.py:840} INFO - DAG(s) 'dataxplore_scoring' retrieved from /opt/airflow/dags/scoring_dag.py
[2026-03-23T10:47:09.511+0000] {logging_mixin.py:188} INFO - [2026-03-23T10:47:09.511+0000] {dag.py:3036} INFO - Sync 1 DAGs
[2026-03-23T10:47:09.548+0000] {logging_mixin.py:188} INFO - [2026-03-23T10:47:09.548+0000] {dag.py:3823} INFO - Setting next_dagrun for dataxplore_scoring to 2026-03-23 00:30:00+00:00, run_after=2026-03-23 06:30:00+00:00
[2026-03-23T10:47:09.576+0000] {processor.py:183} INFO - Processing /opt/airflow/dags/scoring_dag.py took 0.142 seconds
